-- The C compiler identification is GNU 11.2.0
-- The CXX compiler identification is GNU 11.2.0
-- Detecting C compiler ABI info
-- Detecting C compiler ABI info - done
-- Check for working C compiler: /usr/bin/cc - skipped
-- Detecting C compile features
-- Detecting C compile features - done
-- Detecting CXX compiler ABI info
-- Detecting CXX compiler ABI info - done
-- Check for working CXX compiler: /usr/bin/c++ - skipped
-- Detecting CXX compile features
-- Detecting CXX compile features - done
-- Configuring done
-- Generating done
-- Build files have been written to: /root/ros2_ws/src/build/serial_example
[ 16%] [32mBuilding CXX object CMakeFiles/serial_example.dir/main.cpp.o[0m
[ 33%] [32mBuilding CXX object CMakeFiles/serial_example.dir/serial.cpp.o[0m
[ 50%] [32mBuilding CXX object CMakeFiles/hello_send.dir/hello_send.cpp.o[0m
[ 66%] [32mBuilding CXX object CMakeFiles/hello_send.dir/serial.cpp.o[0m
[ 83%] [32m[1mLinking CXX executable hello_send[0m
[100%] [32m[1mLinking CXX executable serial_example[0m
[100%] Built target hello_send
[100%] Built target serial_example
