-- The C compiler identification is GNU 11.2.0
-- The CXX compiler identification is GNU 11.2.0
-- Detecting C compiler ABI info
-- Detecting C compiler ABI info - done
-- Check for working C compiler: /usr/bin/cc - skipped
-- Detecting C compile features
-- Detecting C compile features - done
-- Detecting CXX compiler ABI info
-- Detecting CXX compiler ABI info - done
-- Check for working CXX compiler: /usr/bin/c++ - skipped
-- Detecting CXX compile features
-- Detecting CXX compile features - done
-- Found ament_cmake: 1.3.12 (/opt/ros/humble/share/ament_cmake/cmake)
-- Found Python3: /usr/bin/python3 (found version "3.10.12") found components: Interpreter 
-- Found rclcpp: 16.0.14 (/opt/ros/humble/share/rclcpp/cmake)
-- Found rosidl_generator_c: 3.1.7 (/opt/ros/humble/share/rosidl_generator_c/cmake)
-- Found rosidl_adapter: 3.1.7 (/opt/ros/humble/share/rosidl_adapter/cmake)
-- Found rosidl_generator_cpp: 3.1.7 (/opt/ros/humble/share/rosidl_generator_cpp/cmake)
-- Using all available rosidl_typesupport_c: rosidl_typesupport_fastrtps_c;rosidl_typesupport_introspection_c
-- Using all available rosidl_typesupport_cpp: rosidl_typesupport_fastrtps_cpp;rosidl_typesupport_introspection_cpp
-- Found rmw_implementation_cmake: 6.1.2 (/opt/ros/humble/share/rmw_implementation_cmake/cmake)
-- Found rmw_fastrtps_cpp: 6.2.8 (/opt/ros/humble/share/rmw_fastrtps_cpp/cmake)
-- Found OpenSSL: /usr/lib/aarch64-linux-gnu/libcrypto.so (found version "3.0.2")  
-- Found FastRTPS: /opt/ros/humble/include  
-- Using RMW implementation 'rmw_fastrtps_cpp' as default
-- Looking for pthread.h
-- Looking for pthread.h - found
-- Performing Test CMAKE_HAVE_LIBC_PTHREAD
-- Performing Test CMAKE_HAVE_LIBC_PTHREAD - Success
-- Found Threads: TRUE  
-- Found rclpy: 3.3.17 (/opt/ros/humble/share/rclpy/cmake)
-- Found opencat_msgs: 0.0.0 (/root/ros2_ws/src/install/opencat_msgs/share/opencat_msgs/cmake)
-- Configuring done
-- Generating done
-- Build files have been written to: /root/ros2_ws/src/build/opencat
Built target ament_cmake_python_copy_opencat
running egg_info
creating opencat.egg-info
writing opencat.egg-info/PKG-INFO
writing dependency_links to opencat.egg-info/dependency_links.txt
writing top-level names to opencat.egg-info/top_level.txt
writing manifest file 'opencat.egg-info/SOURCES.txt'
reading manifest file 'opencat.egg-info/SOURCES.txt'
writing manifest file 'opencat.egg-info/SOURCES.txt'
Built target ament_cmake_python_build_opencat_egg
-- Install configuration: ""
-- Installing: /root/ros2_ws/src/install/opencat/share/opencat/environment/pythonpath.sh
-- Installing: /root/ros2_ws/src/install/opencat/share/opencat/environment/pythonpath.dsv
-- Installing: /root/ros2_ws/src/install/opencat/local/lib/python3.10/dist-packages/opencat-0.0.0-py3.10.egg-info
-- Installing: /root/ros2_ws/src/install/opencat/local/lib/python3.10/dist-packages/opencat-0.0.0-py3.10.egg-info/PKG-INFO
-- Installing: /root/ros2_ws/src/install/opencat/local/lib/python3.10/dist-packages/opencat-0.0.0-py3.10.egg-info/SOURCES.txt
-- Installing: /root/ros2_ws/src/install/opencat/local/lib/python3.10/dist-packages/opencat-0.0.0-py3.10.egg-info/top_level.txt
-- Installing: /root/ros2_ws/src/install/opencat/local/lib/python3.10/dist-packages/opencat-0.0.0-py3.10.egg-info/dependency_links.txt
-- Installing: /root/ros2_ws/src/install/opencat/local/lib/python3.10/dist-packages/opencat
-- Installing: /root/ros2_ws/src/install/opencat/local/lib/python3.10/dist-packages/opencat/roscat.py
-- Installing: /root/ros2_ws/src/install/opencat/local/lib/python3.10/dist-packages/opencat/__init__.py
Listing '/root/ros2_ws/src/install/opencat/local/lib/python3.10/dist-packages/opencat'...
Compiling '/root/ros2_ws/src/install/opencat/local/lib/python3.10/dist-packages/opencat/__init__.py'...
Compiling '/root/ros2_ws/src/install/opencat/local/lib/python3.10/dist-packages/opencat/roscat.py'...
-- Installing: /root/ros2_ws/src/install/opencat/include
-- Installing: /root/ros2_ws/src/install/opencat/include/opencat
-- Installing: /root/ros2_ws/src/install/opencat/include/opencat/opencat_data.hpp
-- Installing: /root/ros2_ws/src/install/opencat/include/opencat/opencat.hpp
-- Installing: /root/ros2_ws/src/install/opencat/share/ament_index/resource_index/package_run_dependencies/opencat
-- Installing: /root/ros2_ws/src/install/opencat/share/ament_index/resource_index/parent_prefix_path/opencat
-- Installing: /root/ros2_ws/src/install/opencat/share/opencat/environment/ament_prefix_path.sh
-- Installing: /root/ros2_ws/src/install/opencat/share/opencat/environment/ament_prefix_path.dsv
-- Installing: /root/ros2_ws/src/install/opencat/share/opencat/environment/path.sh
-- Installing: /root/ros2_ws/src/install/opencat/share/opencat/environment/path.dsv
-- Installing: /root/ros2_ws/src/install/opencat/share/opencat/local_setup.bash
-- Installing: /root/ros2_ws/src/install/opencat/share/opencat/local_setup.sh
-- Installing: /root/ros2_ws/src/install/opencat/share/opencat/local_setup.zsh
-- Installing: /root/ros2_ws/src/install/opencat/share/opencat/local_setup.dsv
-- Installing: /root/ros2_ws/src/install/opencat/share/opencat/package.dsv
-- Installing: /root/ros2_ws/src/install/opencat/share/ament_index/resource_index/packages/opencat
-- Installing: /root/ros2_ws/src/install/opencat/share/opencat/cmake/ament_cmake_export_dependencies-extras.cmake
-- Installing: /root/ros2_ws/src/install/opencat/share/opencat/cmake/ament_cmake_export_include_directories-extras.cmake
-- Installing: /root/ros2_ws/src/install/opencat/share/opencat/cmake/opencatConfig.cmake
-- Installing: /root/ros2_ws/src/install/opencat/share/opencat/cmake/opencatConfig-version.cmake
-- Installing: /root/ros2_ws/src/install/opencat/share/opencat/package.xml
