[0.043s] Invoking command in '/root/ros2_ws/src/build/opencat': AMENT_PREFIX_PATH=/root/ros2_ws/src/install/opencat_msgs:${AMENT_PREFIX_PATH} CMAKE_PREFIX_PATH=/root/ros2_ws/src/install/opencat_msgs:/opt/tros/humble:/opt/ros/humble LD_LIBRARY_PATH=/root/ros2_ws/src/install/opencat_msgs/lib:/opt/tros/humble/lib/aarch64-linux-gnu:/opt/tros/humble/lib:/opt/ros/humble/lib/aarch64-linux-gnu:/opt/ros/humble/lib:/usr/hobot/lib:/app/lib:/app/pub/lib:/middleware/lib:/middleware/pub/lib:/usr/hobot/lib/sensor:/system/lib:/system/usr/lib:/lib PYTHONPATH=/root/ros2_ws/src/install/opencat_msgs/local/lib/python3.10/dist-packages:${PYTHONPATH} /usr/bin/cmake /root/ros2_ws/src/ros2_opencat/opencat -DCMAKE_INSTALL_PREFIX=/root/ros2_ws/src/install/opencat
[0.383s] -- The C compiler identification is GNU 11.2.0
[0.843s] -- The CXX compiler identification is GNU 11.2.0
[0.888s] -- Detecting C compiler ABI info
[1.349s] -- Detecting C compiler ABI info - done
[1.416s] -- Check for working C compiler: /usr/bin/cc - skipped
[1.417s] -- Detecting C compile features
[1.420s] -- Detecting C compile features - done
[1.439s] -- Detecting CXX compiler ABI info
[1.899s] -- Detecting CXX compiler ABI info - done
[1.950s] -- Check for working CXX compiler: /usr/bin/c++ - skipped
[1.951s] -- Detecting CXX compile features
[1.954s] -- Detecting CXX compile features - done
[1.965s] -- Found ament_cmake: 1.3.12 (/opt/ros/humble/share/ament_cmake/cmake)
[2.964s] -- Found Python3: /usr/bin/python3 (found version "3.10.12") found components: Interpreter 
[3.500s] -- Found rclcpp: 16.0.14 (/opt/ros/humble/share/rclcpp/cmake)
[3.692s] -- Found rosidl_generator_c: 3.1.7 (/opt/ros/humble/share/rosidl_generator_c/cmake)
[3.717s] -- Found rosidl_adapter: 3.1.7 (/opt/ros/humble/share/rosidl_adapter/cmake)
[3.759s] -- Found rosidl_generator_cpp: 3.1.7 (/opt/ros/humble/share/rosidl_generator_cpp/cmake)
[3.826s] -- Using all available rosidl_typesupport_c: rosidl_typesupport_fastrtps_c;rosidl_typesupport_introspection_c
[3.913s] -- Using all available rosidl_typesupport_cpp: rosidl_typesupport_fastrtps_cpp;rosidl_typesupport_introspection_cpp
[4.144s] -- Found rmw_implementation_cmake: 6.1.2 (/opt/ros/humble/share/rmw_implementation_cmake/cmake)
[4.156s] -- Found rmw_fastrtps_cpp: 6.2.8 (/opt/ros/humble/share/rmw_fastrtps_cpp/cmake)
[4.542s] -- Found OpenSSL: /usr/lib/aarch64-linux-gnu/libcrypto.so (found version "3.0.2")  
[4.664s] -- Found FastRTPS: /opt/ros/humble/include  
[4.852s] -- Using RMW implementation 'rmw_fastrtps_cpp' as default
[4.893s] -- Looking for pthread.h
[5.267s] -- Looking for pthread.h - found
[5.269s] -- Performing Test CMAKE_HAVE_LIBC_PTHREAD
[5.646s] -- Performing Test CMAKE_HAVE_LIBC_PTHREAD - Success
[5.651s] -- Found Threads: TRUE  
[5.954s] -- Found rclpy: 3.3.17 (/opt/ros/humble/share/rclpy/cmake)
[5.956s] -- Found opencat_msgs: 0.0.0 (/root/ros2_ws/src/install/opencat_msgs/share/opencat_msgs/cmake)
[7.013s] -- Configuring done
[7.036s] -- Generating done
[7.050s] -- Build files have been written to: /root/ros2_ws/src/build/opencat
[7.112s] Invoked command in '/root/ros2_ws/src/build/opencat' returned '0': AMENT_PREFIX_PATH=/root/ros2_ws/src/install/opencat_msgs:${AMENT_PREFIX_PATH} CMAKE_PREFIX_PATH=/root/ros2_ws/src/install/opencat_msgs:/opt/tros/humble:/opt/ros/humble LD_LIBRARY_PATH=/root/ros2_ws/src/install/opencat_msgs/lib:/opt/tros/humble/lib/aarch64-linux-gnu:/opt/tros/humble/lib:/opt/ros/humble/lib/aarch64-linux-gnu:/opt/ros/humble/lib:/usr/hobot/lib:/app/lib:/app/pub/lib:/middleware/lib:/middleware/pub/lib:/usr/hobot/lib/sensor:/system/lib:/system/usr/lib:/lib PYTHONPATH=/root/ros2_ws/src/install/opencat_msgs/local/lib/python3.10/dist-packages:${PYTHONPATH} /usr/bin/cmake /root/ros2_ws/src/ros2_opencat/opencat -DCMAKE_INSTALL_PREFIX=/root/ros2_ws/src/install/opencat
[7.118s] Invoking command in '/root/ros2_ws/src/build/opencat': AMENT_PREFIX_PATH=/root/ros2_ws/src/install/opencat_msgs:${AMENT_PREFIX_PATH} CMAKE_PREFIX_PATH=/root/ros2_ws/src/install/opencat_msgs:/opt/tros/humble:/opt/ros/humble LD_LIBRARY_PATH=/root/ros2_ws/src/install/opencat_msgs/lib:/opt/tros/humble/lib/aarch64-linux-gnu:/opt/tros/humble/lib:/opt/ros/humble/lib/aarch64-linux-gnu:/opt/ros/humble/lib:/usr/hobot/lib:/app/lib:/app/pub/lib:/middleware/lib:/middleware/pub/lib:/usr/hobot/lib/sensor:/system/lib:/system/usr/lib:/lib PYTHONPATH=/root/ros2_ws/src/install/opencat_msgs/local/lib/python3.10/dist-packages:${PYTHONPATH} /usr/bin/cmake --build /root/ros2_ws/src/build/opencat -- -j8 -l8
[7.357s] Built target ament_cmake_python_copy_opencat
[8.711s] running egg_info
[8.714s] creating opencat.egg-info
[8.715s] writing opencat.egg-info/PKG-INFO
[8.716s] writing dependency_links to opencat.egg-info/dependency_links.txt
[8.717s] writing top-level names to opencat.egg-info/top_level.txt
[8.718s] writing manifest file 'opencat.egg-info/SOURCES.txt'
[8.729s] reading manifest file 'opencat.egg-info/SOURCES.txt'
[8.732s] writing manifest file 'opencat.egg-info/SOURCES.txt'
[8.933s] Built target ament_cmake_python_build_opencat_egg
[8.981s] Invoked command in '/root/ros2_ws/src/build/opencat' returned '0': AMENT_PREFIX_PATH=/root/ros2_ws/src/install/opencat_msgs:${AMENT_PREFIX_PATH} CMAKE_PREFIX_PATH=/root/ros2_ws/src/install/opencat_msgs:/opt/tros/humble:/opt/ros/humble LD_LIBRARY_PATH=/root/ros2_ws/src/install/opencat_msgs/lib:/opt/tros/humble/lib/aarch64-linux-gnu:/opt/tros/humble/lib:/opt/ros/humble/lib/aarch64-linux-gnu:/opt/ros/humble/lib:/usr/hobot/lib:/app/lib:/app/pub/lib:/middleware/lib:/middleware/pub/lib:/usr/hobot/lib/sensor:/system/lib:/system/usr/lib:/lib PYTHONPATH=/root/ros2_ws/src/install/opencat_msgs/local/lib/python3.10/dist-packages:${PYTHONPATH} /usr/bin/cmake --build /root/ros2_ws/src/build/opencat -- -j8 -l8
[8.987s] Invoking command in '/root/ros2_ws/src/build/opencat': AMENT_PREFIX_PATH=/root/ros2_ws/src/install/opencat_msgs:${AMENT_PREFIX_PATH} CMAKE_PREFIX_PATH=/root/ros2_ws/src/install/opencat_msgs:/opt/tros/humble:/opt/ros/humble LD_LIBRARY_PATH=/root/ros2_ws/src/install/opencat_msgs/lib:/opt/tros/humble/lib/aarch64-linux-gnu:/opt/tros/humble/lib:/opt/ros/humble/lib/aarch64-linux-gnu:/opt/ros/humble/lib:/usr/hobot/lib:/app/lib:/app/pub/lib:/middleware/lib:/middleware/pub/lib:/usr/hobot/lib/sensor:/system/lib:/system/usr/lib:/lib PYTHONPATH=/root/ros2_ws/src/install/opencat_msgs/local/lib/python3.10/dist-packages:${PYTHONPATH} /usr/bin/cmake --install /root/ros2_ws/src/build/opencat
[9.020s] -- Install configuration: ""
[9.021s] -- Installing: /root/ros2_ws/src/install/opencat/share/opencat/environment/pythonpath.sh
[9.022s] -- Installing: /root/ros2_ws/src/install/opencat/share/opencat/environment/pythonpath.dsv
[9.022s] -- Installing: /root/ros2_ws/src/install/opencat/local/lib/python3.10/dist-packages/opencat-0.0.0-py3.10.egg-info
[9.023s] -- Installing: /root/ros2_ws/src/install/opencat/local/lib/python3.10/dist-packages/opencat-0.0.0-py3.10.egg-info/PKG-INFO
[9.024s] -- Installing: /root/ros2_ws/src/install/opencat/local/lib/python3.10/dist-packages/opencat-0.0.0-py3.10.egg-info/SOURCES.txt
[9.024s] -- Installing: /root/ros2_ws/src/install/opencat/local/lib/python3.10/dist-packages/opencat-0.0.0-py3.10.egg-info/top_level.txt
[9.025s] -- Installing: /root/ros2_ws/src/install/opencat/local/lib/python3.10/dist-packages/opencat-0.0.0-py3.10.egg-info/dependency_links.txt
[9.026s] -- Installing: /root/ros2_ws/src/install/opencat/local/lib/python3.10/dist-packages/opencat
[9.026s] -- Installing: /root/ros2_ws/src/install/opencat/local/lib/python3.10/dist-packages/opencat/roscat.py
[9.027s] -- Installing: /root/ros2_ws/src/install/opencat/local/lib/python3.10/dist-packages/opencat/__init__.py
[9.242s] Listing '/root/ros2_ws/src/install/opencat/local/lib/python3.10/dist-packages/opencat'...
[9.243s] Compiling '/root/ros2_ws/src/install/opencat/local/lib/python3.10/dist-packages/opencat/__init__.py'...
[9.243s] Compiling '/root/ros2_ws/src/install/opencat/local/lib/python3.10/dist-packages/opencat/roscat.py'...
[9.292s] -- Installing: /root/ros2_ws/src/install/opencat/include
[9.293s] -- Installing: /root/ros2_ws/src/install/opencat/include/opencat
[9.293s] -- Installing: /root/ros2_ws/src/install/opencat/include/opencat/opencat_data.hpp
[9.294s] -- Installing: /root/ros2_ws/src/install/opencat/include/opencat/opencat.hpp
[9.295s] -- Installing: /root/ros2_ws/src/install/opencat/share/ament_index/resource_index/package_run_dependencies/opencat
[9.295s] -- Installing: /root/ros2_ws/src/install/opencat/share/ament_index/resource_index/parent_prefix_path/opencat
[9.296s] -- Installing: /root/ros2_ws/src/install/opencat/share/opencat/environment/ament_prefix_path.sh
[9.297s] -- Installing: /root/ros2_ws/src/install/opencat/share/opencat/environment/ament_prefix_path.dsv
[9.297s] -- Installing: /root/ros2_ws/src/install/opencat/share/opencat/environment/path.sh
[9.298s] -- Installing: /root/ros2_ws/src/install/opencat/share/opencat/environment/path.dsv
[9.299s] -- Installing: /root/ros2_ws/src/install/opencat/share/opencat/local_setup.bash
[9.300s] -- Installing: /root/ros2_ws/src/install/opencat/share/opencat/local_setup.sh
[9.301s] -- Installing: /root/ros2_ws/src/install/opencat/share/opencat/local_setup.zsh
[9.301s] -- Installing: /root/ros2_ws/src/install/opencat/share/opencat/local_setup.dsv
[9.302s] -- Installing: /root/ros2_ws/src/install/opencat/share/opencat/package.dsv
[9.303s] -- Installing: /root/ros2_ws/src/install/opencat/share/ament_index/resource_index/packages/opencat
[9.304s] -- Installing: /root/ros2_ws/src/install/opencat/share/opencat/cmake/ament_cmake_export_dependencies-extras.cmake
[9.305s] -- Installing: /root/ros2_ws/src/install/opencat/share/opencat/cmake/ament_cmake_export_include_directories-extras.cmake
[9.305s] -- Installing: /root/ros2_ws/src/install/opencat/share/opencat/cmake/opencatConfig.cmake
[9.306s] -- Installing: /root/ros2_ws/src/install/opencat/share/opencat/cmake/opencatConfig-version.cmake
[9.306s] -- Installing: /root/ros2_ws/src/install/opencat/share/opencat/package.xml
[9.318s] Invoked command in '/root/ros2_ws/src/build/opencat' returned '0': AMENT_PREFIX_PATH=/root/ros2_ws/src/install/opencat_msgs:${AMENT_PREFIX_PATH} CMAKE_PREFIX_PATH=/root/ros2_ws/src/install/opencat_msgs:/opt/tros/humble:/opt/ros/humble LD_LIBRARY_PATH=/root/ros2_ws/src/install/opencat_msgs/lib:/opt/tros/humble/lib/aarch64-linux-gnu:/opt/tros/humble/lib:/opt/ros/humble/lib/aarch64-linux-gnu:/opt/ros/humble/lib:/usr/hobot/lib:/app/lib:/app/pub/lib:/middleware/lib:/middleware/pub/lib:/usr/hobot/lib/sensor:/system/lib:/system/usr/lib:/lib PYTHONPATH=/root/ros2_ws/src/install/opencat_msgs/local/lib/python3.10/dist-packages:${PYTHONPATH} /usr/bin/cmake --install /root/ros2_ws/src/build/opencat
