-- The C compiler identification is GNU 11.2.0
-- The CXX compiler identification is GNU 11.2.0
-- Detecting C compiler ABI info
-- Detecting C compiler ABI info - done
-- Check for working C compiler: /usr/bin/cc - skipped
-- Detecting C compile features
-- Detecting C compile features - done
-- Detecting CXX compiler ABI info
-- Detecting CXX compiler ABI info - done
-- Check for working CXX compiler: /usr/bin/c++ - skipped
-- Detecting CXX compile features
-- Detecting CXX compile features - done
-- Found ament_cmake: 1.3.12 (/opt/ros/humble/share/ament_cmake/cmake)
-- Found Python3: /usr/bin/python3 (found version "3.10.12") found components: Interpreter 
-- Found rclcpp: 16.0.14 (/opt/ros/humble/share/rclcpp/cmake)
-- Found rosidl_generator_c: 3.1.7 (/opt/ros/humble/share/rosidl_generator_c/cmake)
-- Found rosidl_adapter: 3.1.7 (/opt/ros/humble/share/rosidl_adapter/cmake)
-- Found rosidl_generator_cpp: 3.1.7 (/opt/ros/humble/share/rosidl_generator_cpp/cmake)
-- Using all available rosidl_typesupport_c: rosidl_typesupport_fastrtps_c;rosidl_typesupport_introspection_c
-- Using all available rosidl_typesupport_cpp: rosidl_typesupport_fastrtps_cpp;rosidl_typesupport_introspection_cpp
-- Found rmw_implementation_cmake: 6.1.2 (/opt/ros/humble/share/rmw_implementation_cmake/cmake)
-- Found rmw_fastrtps_cpp: 6.2.8 (/opt/ros/humble/share/rmw_fastrtps_cpp/cmake)
-- Found OpenSSL: /usr/lib/aarch64-linux-gnu/libcrypto.so (found version "3.0.2")  
-- Found FastRTPS: /opt/ros/humble/include  
-- Using RMW implementation 'rmw_fastrtps_cpp' as default
-- Looking for pthread.h
-- Looking for pthread.h - found
-- Performing Test CMAKE_HAVE_LIBC_PTHREAD
-- Performing Test CMAKE_HAVE_LIBC_PTHREAD - Success
-- Found Threads: TRUE  
-- Found opencat: 0.0.0 (/root/ros2_ws/src/install/opencat/share/opencat/cmake)
-- Found serial_driver: 1.2.0 (/opt/ros/humble/share/serial_driver/cmake)
-- Found asio_cmake_module: 1.2.0 (/opt/ros/humble/share/asio_cmake_module/cmake)
-- Found ASIO: /usr/include  
-- Configuring done
-- Generating done
-- Build files have been written to: /root/ros2_ws/src/build/opencat_serial
[ 50%] [32mBuilding CXX object CMakeFiles/opencat_serial.dir/src/opencat_serial.cpp.o[0m
[100%] [32m[1mLinking CXX shared library libopencat_serial.so[0m
[100%] Built target opencat_serial
-- Install configuration: ""
-- Installing: /root/ros2_ws/src/install/opencat_serial/lib/libopencat_serial.so
-- Set runtime path of "/root/ros2_ws/src/install/opencat_serial/lib/libopencat_serial.so" to ""
-- Installing: /root/ros2_ws/src/install/opencat_serial/include/opencat_serial
-- Installing: /root/ros2_ws/src/install/opencat_serial/include/opencat_serial/serial.hpp
-- Installing: /root/ros2_ws/src/install/opencat_serial/include/opencat_serial/opencat_serial.hpp
-- Installing: /root/ros2_ws/src/install/opencat_serial/share/opencat_serial/environment/library_path.sh
-- Installing: /root/ros2_ws/src/install/opencat_serial/share/opencat_serial/environment/library_path.dsv
-- Installing: /root/ros2_ws/src/install/opencat_serial/share/ament_index/resource_index/package_run_dependencies/opencat_serial
-- Installing: /root/ros2_ws/src/install/opencat_serial/share/ament_index/resource_index/parent_prefix_path/opencat_serial
-- Installing: /root/ros2_ws/src/install/opencat_serial/share/opencat_serial/environment/ament_prefix_path.sh
-- Installing: /root/ros2_ws/src/install/opencat_serial/share/opencat_serial/environment/ament_prefix_path.dsv
-- Installing: /root/ros2_ws/src/install/opencat_serial/share/opencat_serial/environment/path.sh
-- Installing: /root/ros2_ws/src/install/opencat_serial/share/opencat_serial/environment/path.dsv
-- Installing: /root/ros2_ws/src/install/opencat_serial/share/opencat_serial/local_setup.bash
-- Installing: /root/ros2_ws/src/install/opencat_serial/share/opencat_serial/local_setup.sh
-- Installing: /root/ros2_ws/src/install/opencat_serial/share/opencat_serial/local_setup.zsh
-- Installing: /root/ros2_ws/src/install/opencat_serial/share/opencat_serial/local_setup.dsv
-- Installing: /root/ros2_ws/src/install/opencat_serial/share/opencat_serial/package.dsv
-- Installing: /root/ros2_ws/src/install/opencat_serial/share/ament_index/resource_index/packages/opencat_serial
-- Installing: /root/ros2_ws/src/install/opencat_serial/share/opencat_serial/cmake/ament_cmake_export_dependencies-extras.cmake
-- Installing: /root/ros2_ws/src/install/opencat_serial/share/opencat_serial/cmake/ament_cmake_export_include_directories-extras.cmake
-- Installing: /root/ros2_ws/src/install/opencat_serial/share/opencat_serial/cmake/ament_cmake_export_libraries-extras.cmake
-- Installing: /root/ros2_ws/src/install/opencat_serial/share/opencat_serial/cmake/opencat_serialConfig.cmake
-- Installing: /root/ros2_ws/src/install/opencat_serial/share/opencat_serial/cmake/opencat_serialConfig-version.cmake
-- Installing: /root/ros2_ws/src/install/opencat_serial/share/opencat_serial/package.xml
