[0.041s] Invoking command in '/root/ros2_ws/src/build/opencat_serial': AMENT_PREFIX_PATH=/root/ros2_ws/src/install/opencat:/root/ros2_ws/src/install/opencat_msgs:${AMENT_PREFIX_PATH} CMAKE_PREFIX_PATH=/root/ros2_ws/src/install/opencat:/root/ros2_ws/src/install/opencat_msgs:/opt/tros/humble:/opt/ros/humble LD_LIBRARY_PATH=/root/ros2_ws/src/install/opencat_msgs/lib:/opt/tros/humble/lib/aarch64-linux-gnu:/opt/tros/humble/lib:/opt/ros/humble/lib/aarch64-linux-gnu:/opt/ros/humble/lib:/usr/hobot/lib:/app/lib:/app/pub/lib:/middleware/lib:/middleware/pub/lib:/usr/hobot/lib/sensor:/system/lib:/system/usr/lib:/lib PYTHONPATH=/root/ros2_ws/src/install/opencat/local/lib/python3.10/dist-packages:/root/ros2_ws/src/install/opencat_msgs/local/lib/python3.10/dist-packages:${PYTHONPATH} /usr/bin/cmake /root/ros2_ws/src/ros2_opencat/opencat_serial -DCMAKE_INSTALL_PREFIX=/root/ros2_ws/src/install/opencat_serial
[0.347s] -- The C compiler identification is GNU 11.2.0
[0.671s] -- The CXX compiler identification is GNU 11.2.0
[0.704s] -- Detecting C compiler ABI info
[1.075s] -- Detecting C compiler ABI info - done
[1.123s] -- Check for working C compiler: /usr/bin/cc - skipped
[1.124s] -- Detecting C compile features
[1.127s] -- Detecting C compile features - done
[1.143s] -- Detecting CXX compiler ABI info
[1.564s] -- Detecting CXX compiler ABI info - done
[1.612s] -- Check for working CXX compiler: /usr/bin/c++ - skipped
[1.614s] -- Detecting CXX compile features
[1.616s] -- Detecting CXX compile features - done
[1.627s] -- Found ament_cmake: 1.3.12 (/opt/ros/humble/share/ament_cmake/cmake)
[2.687s] -- Found Python3: /usr/bin/python3 (found version "3.10.12") found components: Interpreter 
[3.271s] -- Found rclcpp: 16.0.14 (/opt/ros/humble/share/rclcpp/cmake)
[3.458s] -- Found rosidl_generator_c: 3.1.7 (/opt/ros/humble/share/rosidl_generator_c/cmake)
[3.483s] -- Found rosidl_adapter: 3.1.7 (/opt/ros/humble/share/rosidl_adapter/cmake)
[3.529s] -- Found rosidl_generator_cpp: 3.1.7 (/opt/ros/humble/share/rosidl_generator_cpp/cmake)
[3.599s] -- Using all available rosidl_typesupport_c: rosidl_typesupport_fastrtps_c;rosidl_typesupport_introspection_c
[3.692s] -- Using all available rosidl_typesupport_cpp: rosidl_typesupport_fastrtps_cpp;rosidl_typesupport_introspection_cpp
[3.934s] -- Found rmw_implementation_cmake: 6.1.2 (/opt/ros/humble/share/rmw_implementation_cmake/cmake)
[3.947s] -- Found rmw_fastrtps_cpp: 6.2.8 (/opt/ros/humble/share/rmw_fastrtps_cpp/cmake)
[4.342s] -- Found OpenSSL: /usr/lib/aarch64-linux-gnu/libcrypto.so (found version "3.0.2")  
[4.468s] -- Found FastRTPS: /opt/ros/humble/include  
[4.656s] -- Using RMW implementation 'rmw_fastrtps_cpp' as default
[4.696s] -- Looking for pthread.h
[5.074s] -- Looking for pthread.h - found
[5.076s] -- Performing Test CMAKE_HAVE_LIBC_PTHREAD
[5.451s] -- Performing Test CMAKE_HAVE_LIBC_PTHREAD - Success
[5.457s] -- Found Threads: TRUE  
[5.753s] -- Found opencat: 0.0.0 (/root/ros2_ws/src/install/opencat/share/opencat/cmake)
[5.858s] -- Found serial_driver: 1.2.0 (/opt/ros/humble/share/serial_driver/cmake)
[5.994s] -- Found asio_cmake_module: 1.2.0 (/opt/ros/humble/share/asio_cmake_module/cmake)
[6.001s] -- Found ASIO: /usr/include  
[6.954s] -- Configuring done
[7.320s] -- Generating done
[7.369s] -- Build files have been written to: /root/ros2_ws/src/build/opencat_serial
[7.450s] Invoked command in '/root/ros2_ws/src/build/opencat_serial' returned '0': AMENT_PREFIX_PATH=/root/ros2_ws/src/install/opencat:/root/ros2_ws/src/install/opencat_msgs:${AMENT_PREFIX_PATH} CMAKE_PREFIX_PATH=/root/ros2_ws/src/install/opencat:/root/ros2_ws/src/install/opencat_msgs:/opt/tros/humble:/opt/ros/humble LD_LIBRARY_PATH=/root/ros2_ws/src/install/opencat_msgs/lib:/opt/tros/humble/lib/aarch64-linux-gnu:/opt/tros/humble/lib:/opt/ros/humble/lib/aarch64-linux-gnu:/opt/ros/humble/lib:/usr/hobot/lib:/app/lib:/app/pub/lib:/middleware/lib:/middleware/pub/lib:/usr/hobot/lib/sensor:/system/lib:/system/usr/lib:/lib PYTHONPATH=/root/ros2_ws/src/install/opencat/local/lib/python3.10/dist-packages:/root/ros2_ws/src/install/opencat_msgs/local/lib/python3.10/dist-packages:${PYTHONPATH} /usr/bin/cmake /root/ros2_ws/src/ros2_opencat/opencat_serial -DCMAKE_INSTALL_PREFIX=/root/ros2_ws/src/install/opencat_serial
[7.459s] Invoking command in '/root/ros2_ws/src/build/opencat_serial': AMENT_PREFIX_PATH=/root/ros2_ws/src/install/opencat:/root/ros2_ws/src/install/opencat_msgs:${AMENT_PREFIX_PATH} CMAKE_PREFIX_PATH=/root/ros2_ws/src/install/opencat:/root/ros2_ws/src/install/opencat_msgs:/opt/tros/humble:/opt/ros/humble LD_LIBRARY_PATH=/root/ros2_ws/src/install/opencat_msgs/lib:/opt/tros/humble/lib/aarch64-linux-gnu:/opt/tros/humble/lib:/opt/ros/humble/lib/aarch64-linux-gnu:/opt/ros/humble/lib:/usr/hobot/lib:/app/lib:/app/pub/lib:/middleware/lib:/middleware/pub/lib:/usr/hobot/lib/sensor:/system/lib:/system/usr/lib:/lib PYTHONPATH=/root/ros2_ws/src/install/opencat/local/lib/python3.10/dist-packages:/root/ros2_ws/src/install/opencat_msgs/local/lib/python3.10/dist-packages:${PYTHONPATH} /usr/bin/cmake --build /root/ros2_ws/src/build/opencat_serial -- -j8 -l8
[7.691s] [ 50%] [32mBuilding CXX object CMakeFiles/opencat_serial.dir/src/opencat_serial.cpp.o[0m
[26.108s] [100%] [32m[1mLinking CXX shared library libopencat_serial.so[0m
[111.244s] [100%] Built target opencat_serial
[111.302s] Invoked command in '/root/ros2_ws/src/build/opencat_serial' returned '0': AMENT_PREFIX_PATH=/root/ros2_ws/src/install/opencat:/root/ros2_ws/src/install/opencat_msgs:${AMENT_PREFIX_PATH} CMAKE_PREFIX_PATH=/root/ros2_ws/src/install/opencat:/root/ros2_ws/src/install/opencat_msgs:/opt/tros/humble:/opt/ros/humble LD_LIBRARY_PATH=/root/ros2_ws/src/install/opencat_msgs/lib:/opt/tros/humble/lib/aarch64-linux-gnu:/opt/tros/humble/lib:/opt/ros/humble/lib/aarch64-linux-gnu:/opt/ros/humble/lib:/usr/hobot/lib:/app/lib:/app/pub/lib:/middleware/lib:/middleware/pub/lib:/usr/hobot/lib/sensor:/system/lib:/system/usr/lib:/lib PYTHONPATH=/root/ros2_ws/src/install/opencat/local/lib/python3.10/dist-packages:/root/ros2_ws/src/install/opencat_msgs/local/lib/python3.10/dist-packages:${PYTHONPATH} /usr/bin/cmake --build /root/ros2_ws/src/build/opencat_serial -- -j8 -l8
[111.317s] Invoking command in '/root/ros2_ws/src/build/opencat_serial': AMENT_PREFIX_PATH=/root/ros2_ws/src/install/opencat:/root/ros2_ws/src/install/opencat_msgs:${AMENT_PREFIX_PATH} CMAKE_PREFIX_PATH=/root/ros2_ws/src/install/opencat:/root/ros2_ws/src/install/opencat_msgs:/opt/tros/humble:/opt/ros/humble LD_LIBRARY_PATH=/root/ros2_ws/src/install/opencat_msgs/lib:/opt/tros/humble/lib/aarch64-linux-gnu:/opt/tros/humble/lib:/opt/ros/humble/lib/aarch64-linux-gnu:/opt/ros/humble/lib:/usr/hobot/lib:/app/lib:/app/pub/lib:/middleware/lib:/middleware/pub/lib:/usr/hobot/lib/sensor:/system/lib:/system/usr/lib:/lib PYTHONPATH=/root/ros2_ws/src/install/opencat/local/lib/python3.10/dist-packages:/root/ros2_ws/src/install/opencat_msgs/local/lib/python3.10/dist-packages:${PYTHONPATH} /usr/bin/cmake --install /root/ros2_ws/src/build/opencat_serial
[111.351s] -- Install configuration: ""
[111.351s] -- Installing: /root/ros2_ws/src/install/opencat_serial/lib/libopencat_serial.so
[111.354s] -- Set runtime path of "/root/ros2_ws/src/install/opencat_serial/lib/libopencat_serial.so" to ""
[111.354s] -- Installing: /root/ros2_ws/src/install/opencat_serial/include/opencat_serial
[111.355s] -- Installing: /root/ros2_ws/src/install/opencat_serial/include/opencat_serial/serial.hpp
[111.355s] -- Installing: /root/ros2_ws/src/install/opencat_serial/include/opencat_serial/opencat_serial.hpp
[111.356s] -- Installing: /root/ros2_ws/src/install/opencat_serial/share/opencat_serial/environment/library_path.sh
[111.356s] -- Installing: /root/ros2_ws/src/install/opencat_serial/share/opencat_serial/environment/library_path.dsv
[111.357s] -- Installing: /root/ros2_ws/src/install/opencat_serial/share/ament_index/resource_index/package_run_dependencies/opencat_serial
[111.358s] -- Installing: /root/ros2_ws/src/install/opencat_serial/share/ament_index/resource_index/parent_prefix_path/opencat_serial
[111.358s] -- Installing: /root/ros2_ws/src/install/opencat_serial/share/opencat_serial/environment/ament_prefix_path.sh
[111.359s] -- Installing: /root/ros2_ws/src/install/opencat_serial/share/opencat_serial/environment/ament_prefix_path.dsv
[111.359s] -- Installing: /root/ros2_ws/src/install/opencat_serial/share/opencat_serial/environment/path.sh
[111.360s] -- Installing: /root/ros2_ws/src/install/opencat_serial/share/opencat_serial/environment/path.dsv
[111.360s] -- Installing: /root/ros2_ws/src/install/opencat_serial/share/opencat_serial/local_setup.bash
[111.361s] -- Installing: /root/ros2_ws/src/install/opencat_serial/share/opencat_serial/local_setup.sh
[111.362s] -- Installing: /root/ros2_ws/src/install/opencat_serial/share/opencat_serial/local_setup.zsh
[111.362s] -- Installing: /root/ros2_ws/src/install/opencat_serial/share/opencat_serial/local_setup.dsv
[111.363s] -- Installing: /root/ros2_ws/src/install/opencat_serial/share/opencat_serial/package.dsv
[111.363s] -- Installing: /root/ros2_ws/src/install/opencat_serial/share/ament_index/resource_index/packages/opencat_serial
[111.364s] -- Installing: /root/ros2_ws/src/install/opencat_serial/share/opencat_serial/cmake/ament_cmake_export_dependencies-extras.cmake
[111.364s] -- Installing: /root/ros2_ws/src/install/opencat_serial/share/opencat_serial/cmake/ament_cmake_export_include_directories-extras.cmake
[111.365s] -- Installing: /root/ros2_ws/src/install/opencat_serial/share/opencat_serial/cmake/ament_cmake_export_libraries-extras.cmake
[111.366s] -- Installing: /root/ros2_ws/src/install/opencat_serial/share/opencat_serial/cmake/opencat_serialConfig.cmake
[111.366s] -- Installing: /root/ros2_ws/src/install/opencat_serial/share/opencat_serial/cmake/opencat_serialConfig-version.cmake
[111.367s] -- Installing: /root/ros2_ws/src/install/opencat_serial/share/opencat_serial/package.xml
[111.383s] Invoked command in '/root/ros2_ws/src/build/opencat_serial' returned '0': AMENT_PREFIX_PATH=/root/ros2_ws/src/install/opencat:/root/ros2_ws/src/install/opencat_msgs:${AMENT_PREFIX_PATH} CMAKE_PREFIX_PATH=/root/ros2_ws/src/install/opencat:/root/ros2_ws/src/install/opencat_msgs:/opt/tros/humble:/opt/ros/humble LD_LIBRARY_PATH=/root/ros2_ws/src/install/opencat_msgs/lib:/opt/tros/humble/lib/aarch64-linux-gnu:/opt/tros/humble/lib:/opt/ros/humble/lib/aarch64-linux-gnu:/opt/ros/humble/lib:/usr/hobot/lib:/app/lib:/app/pub/lib:/middleware/lib:/middleware/pub/lib:/usr/hobot/lib/sensor:/system/lib:/system/usr/lib:/lib PYTHONPATH=/root/ros2_ws/src/install/opencat/local/lib/python3.10/dist-packages:/root/ros2_ws/src/install/opencat_msgs/local/lib/python3.10/dist-packages:${PYTHONPATH} /usr/bin/cmake --install /root/ros2_ws/src/build/opencat_serial
