[0.079s] Invoking command in '/root/ros2_ws/src/build/ros2_helloworld': CMAKE_PREFIX_PATH=/opt/tros/humble:/opt/ros/humble /usr/bin/cmake /root/ros2_ws/src/ros2_helloworld -DCMAKE_INSTALL_PREFIX=/root/ros2_ws/src/install/ros2_helloworld
[0.378s] -- The C compiler identification is GNU 11.2.0
[0.715s] -- The CXX compiler identification is GNU 11.2.0
[0.747s] -- Detecting C compiler ABI info
[1.136s] -- Detecting C compiler ABI info - done
[1.183s] -- Check for working C compiler: /usr/bin/cc - skipped
[1.184s] -- Detecting C compile features
[1.186s] -- Detecting C compile features - done
[1.201s] -- Detecting CXX compiler ABI info
[1.639s] -- Detecting CXX compiler ABI info - done
[1.687s] -- Check for working CXX compiler: /usr/bin/c++ - skipped
[1.688s] -- Detecting CXX compile features
[1.690s] -- Detecting CXX compile features - done
[1.699s] -- Found ament_cmake: 1.3.12 (/opt/ros/humble/share/ament_cmake/cmake)
[2.836s] -- Found Python3: /usr/bin/python3 (found version "3.10.12") found components: Interpreter 
[3.453s] -- Found rclcpp: 16.0.14 (/opt/ros/humble/share/rclcpp/cmake)
[3.672s] -- Found rosidl_generator_c: 3.1.7 (/opt/ros/humble/share/rosidl_generator_c/cmake)
[3.697s] -- Found rosidl_adapter: 3.1.7 (/opt/ros/humble/share/rosidl_adapter/cmake)
[3.758s] -- Found rosidl_generator_cpp: 3.1.7 (/opt/ros/humble/share/rosidl_generator_cpp/cmake)
[3.833s] -- Using all available rosidl_typesupport_c: rosidl_typesupport_fastrtps_c;rosidl_typesupport_introspection_c
[3.925s] -- Using all available rosidl_typesupport_cpp: rosidl_typesupport_fastrtps_cpp;rosidl_typesupport_introspection_cpp
[4.156s] -- Found rmw_implementation_cmake: 6.1.2 (/opt/ros/humble/share/rmw_implementation_cmake/cmake)
[4.168s] -- Found rmw_fastrtps_cpp: 6.2.8 (/opt/ros/humble/share/rmw_fastrtps_cpp/cmake)
[4.573s] -- Found OpenSSL: /usr/lib/aarch64-linux-gnu/libcrypto.so (found version "3.0.2")  
[4.705s] -- Found FastRTPS: /opt/ros/humble/include  
[4.898s] -- Using RMW implementation 'rmw_fastrtps_cpp' as default
[4.938s] -- Looking for pthread.h
[5.327s] -- Looking for pthread.h - found
[5.329s] -- Performing Test CMAKE_HAVE_LIBC_PTHREAD
[5.723s] -- Performing Test CMAKE_HAVE_LIBC_PTHREAD - Success
[5.729s] -- Found Threads: TRUE  
[6.048s] -- Found ament_lint_auto: 0.12.14 (/opt/ros/humble/share/ament_lint_auto/cmake)
[6.573s] -- Added test 'cppcheck' to perform static code analysis on C / C++ code
[6.574s] -- Configured cppcheck include dirs: 
[6.574s] -- Configured cppcheck exclude dirs and/or files: 
[6.577s] -- Added test 'lint_cmake' to check CMake code style
[6.582s] -- Added test 'uncrustify' to check C / C++ code style
[6.583s] -- Configured uncrustify additional arguments: 
[6.585s] -- Added test 'xmllint' to check XML markup files
[6.594s] -- Configuring done
[6.639s] -- Generating done
[6.660s] -- Build files have been written to: /root/ros2_ws/src/build/ros2_helloworld
[6.723s] Invoked command in '/root/ros2_ws/src/build/ros2_helloworld' returned '0': CMAKE_PREFIX_PATH=/opt/tros/humble:/opt/ros/humble /usr/bin/cmake /root/ros2_ws/src/ros2_helloworld -DCMAKE_INSTALL_PREFIX=/root/ros2_ws/src/install/ros2_helloworld
[6.736s] Invoking command in '/root/ros2_ws/src/build/ros2_helloworld': CMAKE_PREFIX_PATH=/opt/tros/humble:/opt/ros/humble /usr/bin/cmake --build /root/ros2_ws/src/build/ros2_helloworld -- -j8 -l8
[6.956s] [ 50%] [32mBuilding CXX object CMakeFiles/ros2_helloworld.dir/src/main.cpp.o[0m
[28.089s] [100%] [32m[1mLinking CXX executable ros2_helloworld[0m
[29.001s] [100%] Built target ros2_helloworld
[29.053s] Invoked command in '/root/ros2_ws/src/build/ros2_helloworld' returned '0': CMAKE_PREFIX_PATH=/opt/tros/humble:/opt/ros/humble /usr/bin/cmake --build /root/ros2_ws/src/build/ros2_helloworld -- -j8 -l8
[29.060s] Invoking command in '/root/ros2_ws/src/build/ros2_helloworld': CMAKE_PREFIX_PATH=/opt/tros/humble:/opt/ros/humble /usr/bin/cmake --install /root/ros2_ws/src/build/ros2_helloworld
[29.094s] -- Install configuration: ""
[29.095s] -- Installing: /root/ros2_ws/src/install/ros2_helloworld/share/ament_index/resource_index/package_run_dependencies/ros2_helloworld
[29.096s] -- Installing: /root/ros2_ws/src/install/ros2_helloworld/share/ament_index/resource_index/parent_prefix_path/ros2_helloworld
[29.097s] -- Installing: /root/ros2_ws/src/install/ros2_helloworld/share/ros2_helloworld/environment/ament_prefix_path.sh
[29.098s] -- Installing: /root/ros2_ws/src/install/ros2_helloworld/share/ros2_helloworld/environment/ament_prefix_path.dsv
[29.099s] -- Installing: /root/ros2_ws/src/install/ros2_helloworld/share/ros2_helloworld/environment/path.sh
[29.099s] -- Installing: /root/ros2_ws/src/install/ros2_helloworld/share/ros2_helloworld/environment/path.dsv
[29.100s] -- Installing: /root/ros2_ws/src/install/ros2_helloworld/share/ros2_helloworld/local_setup.bash
[29.101s] -- Installing: /root/ros2_ws/src/install/ros2_helloworld/share/ros2_helloworld/local_setup.sh
[29.101s] -- Installing: /root/ros2_ws/src/install/ros2_helloworld/share/ros2_helloworld/local_setup.zsh
[29.102s] -- Installing: /root/ros2_ws/src/install/ros2_helloworld/share/ros2_helloworld/local_setup.dsv
[29.103s] -- Installing: /root/ros2_ws/src/install/ros2_helloworld/share/ros2_helloworld/package.dsv
[29.105s] -- Installing: /root/ros2_ws/src/install/ros2_helloworld/share/ament_index/resource_index/packages/ros2_helloworld
[29.106s] -- Installing: /root/ros2_ws/src/install/ros2_helloworld/share/ros2_helloworld/cmake/ros2_helloworldConfig.cmake
[29.106s] -- Installing: /root/ros2_ws/src/install/ros2_helloworld/share/ros2_helloworld/cmake/ros2_helloworldConfig-version.cmake
[29.107s] -- Installing: /root/ros2_ws/src/install/ros2_helloworld/share/ros2_helloworld/package.xml
[29.108s] -- Installing: /root/ros2_ws/src/install/ros2_helloworld/lib/ros2_helloworld/ros2_helloworld
[29.111s] -- Set runtime path of "/root/ros2_ws/src/install/ros2_helloworld/lib/ros2_helloworld/ros2_helloworld" to ""
[29.122s] Invoked command in '/root/ros2_ws/src/build/ros2_helloworld' returned '0': CMAKE_PREFIX_PATH=/opt/tros/humble:/opt/ros/humble /usr/bin/cmake --install /root/ros2_ws/src/build/ros2_helloworld
