[0.668s] DEBUG:colcon:Command line arguments: ['/usr/bin/colcon', 'build']
[0.669s] DEBUG:colcon:Parsed command line arguments: Namespace(log_base=None, log_level=None, verb_name='build', build_base='build', install_base='install', merge_install=False, symlink_install=False, test_result_base=None, continue_on_error=False, executor='parallel', parallel_workers=8, event_handlers=None, ignore_user_meta=False, metas=['./colcon.meta'], base_paths=['.'], packages_ignore=None, packages_ignore_regex=None, paths=None, packages_up_to=None, packages_up_to_regex=None, packages_above=None, packages_above_and_dependencies=None, packages_above_depth=None, packages_select_by_dep=None, packages_skip_by_dep=None, packages_skip_up_to=None, packages_select_build_failed=False, packages_skip_build_finished=False, packages_select_test_failures=False, packages_skip_test_passed=False, packages_select=None, packages_skip=None, packages_select_regex=None, packages_skip_regex=None, packages_start=None, packages_end=None, allow_overriding=[], cmake_args=None, cmake_target=None, cmake_target_skip_unavailable=False, cmake_clean_cache=False, cmake_clean_first=False, cmake_force_configure=False, ament_cmake_args=None, catkin_cmake_args=None, catkin_skip_building_tests=False, verb_parser=<colcon_defaults.argument_parser.defaults.DefaultArgumentsDecorator object at 0xffff9c4d6950>, verb_extension=<colcon_core.verb.build.BuildVerb object at 0xffff9c634670>, main=<bound method BuildVerb.main of <colcon_core.verb.build.BuildVerb object at 0xffff9c634670>>)
[1.666s] Level 1:colcon.colcon_core.package_discovery:discover_packages(colcon_meta) check parameters
[1.667s] Level 1:colcon.colcon_core.package_discovery:discover_packages(recursive) check parameters
[1.672s] Level 1:colcon.colcon_core.package_discovery:discover_packages(ignore) check parameters
[1.672s] Level 1:colcon.colcon_core.package_discovery:discover_packages(path) check parameters
[1.672s] Level 1:colcon.colcon_core.package_discovery:discover_packages(colcon_meta) discover
[1.672s] Level 1:colcon.colcon_core.package_discovery:discover_packages(recursive) discover
[1.673s] INFO:colcon.colcon_core.package_discovery:Crawling recursively for packages in '/root/ros2_ws/src'
[1.673s] Level 1:colcon.colcon_core.package_identification:_identify(.) by extensions ['ignore', 'ignore_ament_install']
[1.674s] Level 1:colcon.colcon_core.package_identification:_identify(.) by extension 'ignore'
[1.674s] Level 1:colcon.colcon_core.package_identification:_identify(.) by extension 'ignore_ament_install'
[1.674s] Level 1:colcon.colcon_core.package_identification:_identify(.) by extensions ['colcon_pkg']
[1.675s] Level 1:colcon.colcon_core.package_identification:_identify(.) by extension 'colcon_pkg'
[1.675s] Level 1:colcon.colcon_core.package_identification:_identify(.) by extensions ['colcon_meta']
[1.675s] Level 1:colcon.colcon_core.package_identification:_identify(.) by extension 'colcon_meta'
[1.675s] Level 1:colcon.colcon_core.package_identification:_identify(.) by extensions ['ros']
[1.676s] Level 1:colcon.colcon_core.package_identification:_identify(.) by extension 'ros'
[1.742s] Level 1:colcon.colcon_core.package_identification:_identify(.) by extensions ['cmake', 'python']
[1.743s] Level 1:colcon.colcon_core.package_identification:_identify(.) by extension 'cmake'
[1.743s] Level 1:colcon.colcon_core.package_identification:_identify(.) by extension 'python'
[1.743s] Level 1:colcon.colcon_core.package_identification:_identify(.) by extensions ['python_setup_py']
[1.744s] Level 1:colcon.colcon_core.package_identification:_identify(.) by extension 'python_setup_py'
[1.744s] Level 1:colcon.colcon_core.package_identification:_identify(assets) by extensions ['ignore', 'ignore_ament_install']
[1.745s] Level 1:colcon.colcon_core.package_identification:_identify(assets) by extension 'ignore'
[1.745s] Level 1:colcon.colcon_core.package_identification:_identify(assets) by extension 'ignore_ament_install'
[1.745s] Level 1:colcon.colcon_core.package_identification:_identify(assets) by extensions ['colcon_pkg']
[1.746s] Level 1:colcon.colcon_core.package_identification:_identify(assets) by extension 'colcon_pkg'
[1.746s] Level 1:colcon.colcon_core.package_identification:_identify(assets) by extensions ['colcon_meta']
[1.746s] Level 1:colcon.colcon_core.package_identification:_identify(assets) by extension 'colcon_meta'
[1.747s] Level 1:colcon.colcon_core.package_identification:_identify(assets) by extensions ['ros']
[1.747s] Level 1:colcon.colcon_core.package_identification:_identify(assets) by extension 'ros'
[1.747s] Level 1:colcon.colcon_core.package_identification:_identify(assets) by extensions ['cmake', 'python']
[1.747s] Level 1:colcon.colcon_core.package_identification:_identify(assets) by extension 'cmake'
[1.748s] Level 1:colcon.colcon_core.package_identification:_identify(assets) by extension 'python'
[1.748s] Level 1:colcon.colcon_core.package_identification:_identify(assets) by extensions ['python_setup_py']
[1.748s] Level 1:colcon.colcon_core.package_identification:_identify(assets) by extension 'python_setup_py'
[1.749s] Level 1:colcon.colcon_core.package_identification:_identify(assets/example) by extensions ['ignore', 'ignore_ament_install']
[1.749s] Level 1:colcon.colcon_core.package_identification:_identify(assets/example) by extension 'ignore'
[1.750s] Level 1:colcon.colcon_core.package_identification:_identify(assets/example) by extension 'ignore_ament_install'
[1.750s] Level 1:colcon.colcon_core.package_identification:_identify(assets/example) by extensions ['colcon_pkg']
[1.750s] Level 1:colcon.colcon_core.package_identification:_identify(assets/example) by extension 'colcon_pkg'
[1.750s] Level 1:colcon.colcon_core.package_identification:_identify(assets/example) by extensions ['colcon_meta']
[1.751s] Level 1:colcon.colcon_core.package_identification:_identify(assets/example) by extension 'colcon_meta'
[1.751s] Level 1:colcon.colcon_core.package_identification:_identify(assets/example) by extensions ['ros']
[1.751s] Level 1:colcon.colcon_core.package_identification:_identify(assets/example) by extension 'ros'
[1.752s] Level 1:colcon.colcon_core.package_identification:_identify(assets/example) by extensions ['cmake', 'python']
[1.752s] Level 1:colcon.colcon_core.package_identification:_identify(assets/example) by extension 'cmake'
[1.752s] Level 1:colcon.colcon_core.package_identification:_identify(assets/example) by extension 'python'
[1.752s] Level 1:colcon.colcon_core.package_identification:_identify(assets/example) by extensions ['python_setup_py']
[1.752s] Level 1:colcon.colcon_core.package_identification:_identify(assets/example) by extension 'python_setup_py'
[1.753s] Level 1:colcon.colcon_core.package_identification:_identify(assets/example/Serial_Demo) by extensions ['ignore', 'ignore_ament_install']
[1.754s] Level 1:colcon.colcon_core.package_identification:_identify(assets/example/Serial_Demo) by extension 'ignore'
[1.754s] Level 1:colcon.colcon_core.package_identification:_identify(assets/example/Serial_Demo) by extension 'ignore_ament_install'
[1.754s] Level 1:colcon.colcon_core.package_identification:_identify(assets/example/Serial_Demo) by extensions ['colcon_pkg']
[1.754s] Level 1:colcon.colcon_core.package_identification:_identify(assets/example/Serial_Demo) by extension 'colcon_pkg'
[1.755s] Level 1:colcon.colcon_core.package_identification:_identify(assets/example/Serial_Demo) by extensions ['colcon_meta']
[1.755s] Level 1:colcon.colcon_core.package_identification:_identify(assets/example/Serial_Demo) by extension 'colcon_meta'
[1.755s] Level 1:colcon.colcon_core.package_identification:_identify(assets/example/Serial_Demo) by extensions ['ros']
[1.755s] Level 1:colcon.colcon_core.package_identification:_identify(assets/example/Serial_Demo) by extension 'ros'
[1.756s] Level 1:colcon.colcon_core.package_identification:_identify(assets/example/Serial_Demo) by extensions ['cmake', 'python']
[1.756s] Level 1:colcon.colcon_core.package_identification:_identify(assets/example/Serial_Demo) by extension 'cmake'
[1.777s] Level 1:colcon.colcon_core.package_identification:_identify(assets/example/Serial_Demo) by extension 'python'
[1.778s] DEBUG:colcon.colcon_core.package_identification:Package 'assets/example/Serial_Demo' with type 'cmake' and name 'serial_example'
[1.778s] Level 1:colcon.colcon_core.package_identification:_identify(assets/example/Sero_demo) by extensions ['ignore', 'ignore_ament_install']
[1.779s] Level 1:colcon.colcon_core.package_identification:_identify(assets/example/Sero_demo) by extension 'ignore'
[1.780s] Level 1:colcon.colcon_core.package_identification:_identify(assets/example/Sero_demo) by extension 'ignore_ament_install'
[1.780s] Level 1:colcon.colcon_core.package_identification:_identify(assets/example/Sero_demo) by extensions ['colcon_pkg']
[1.780s] Level 1:colcon.colcon_core.package_identification:_identify(assets/example/Sero_demo) by extension 'colcon_pkg'
[1.781s] Level 1:colcon.colcon_core.package_identification:_identify(assets/example/Sero_demo) by extensions ['colcon_meta']
[1.781s] Level 1:colcon.colcon_core.package_identification:_identify(assets/example/Sero_demo) by extension 'colcon_meta'
[1.781s] Level 1:colcon.colcon_core.package_identification:_identify(assets/example/Sero_demo) by extensions ['ros']
[1.782s] Level 1:colcon.colcon_core.package_identification:_identify(assets/example/Sero_demo) by extension 'ros'
[1.782s] Level 1:colcon.colcon_core.package_identification:_identify(assets/example/Sero_demo) by extensions ['cmake', 'python']
[1.783s] Level 1:colcon.colcon_core.package_identification:_identify(assets/example/Sero_demo) by extension 'cmake'
[1.783s] Level 1:colcon.colcon_core.package_identification:_identify(assets/example/Sero_demo) by extension 'python'
[1.783s] Level 1:colcon.colcon_core.package_identification:_identify(assets/example/Sero_demo) by extensions ['python_setup_py']
[1.784s] Level 1:colcon.colcon_core.package_identification:_identify(assets/example/Sero_demo) by extension 'python_setup_py'
[1.784s] Level 1:colcon.colcon_core.package_identification:_identify(build) by extensions ['ignore', 'ignore_ament_install']
[1.785s] Level 1:colcon.colcon_core.package_identification:_identify(build) by extension 'ignore'
[1.785s] Level 1:colcon.colcon_core.package_identification:_identify(build) ignored
[1.786s] Level 1:colcon.colcon_core.package_identification:_identify(gesture_legs_control) by extensions ['ignore', 'ignore_ament_install']
[1.787s] Level 1:colcon.colcon_core.package_identification:_identify(gesture_legs_control) by extension 'ignore'
[1.787s] Level 1:colcon.colcon_core.package_identification:_identify(gesture_legs_control) by extension 'ignore_ament_install'
[1.787s] Level 1:colcon.colcon_core.package_identification:_identify(gesture_legs_control) by extensions ['colcon_pkg']
[1.788s] Level 1:colcon.colcon_core.package_identification:_identify(gesture_legs_control) by extension 'colcon_pkg'
[1.788s] Level 1:colcon.colcon_core.package_identification:_identify(gesture_legs_control) by extensions ['colcon_meta']
[1.788s] Level 1:colcon.colcon_core.package_identification:_identify(gesture_legs_control) by extension 'colcon_meta'
[1.788s] Level 1:colcon.colcon_core.package_identification:_identify(gesture_legs_control) by extensions ['ros']
[1.789s] Level 1:colcon.colcon_core.package_identification:_identify(gesture_legs_control) by extension 'ros'
[1.817s] DEBUG:colcon.colcon_core.package_identification:Package 'gesture_legs_control' with type 'ros.ament_cmake' and name 'gesture_legs_control'
[1.818s] Level 1:colcon.colcon_core.package_identification:_identify(install) by extensions ['ignore', 'ignore_ament_install']
[1.818s] Level 1:colcon.colcon_core.package_identification:_identify(install) by extension 'ignore'
[1.819s] Level 1:colcon.colcon_core.package_identification:_identify(install) ignored
[1.819s] Level 1:colcon.colcon_core.package_identification:_identify(log) by extensions ['ignore', 'ignore_ament_install']
[1.820s] Level 1:colcon.colcon_core.package_identification:_identify(log) by extension 'ignore'
[1.820s] Level 1:colcon.colcon_core.package_identification:_identify(log) ignored
[1.820s] Level 1:colcon.colcon_core.package_identification:_identify(ros2_helloworld) by extensions ['ignore', 'ignore_ament_install']
[1.821s] Level 1:colcon.colcon_core.package_identification:_identify(ros2_helloworld) by extension 'ignore'
[1.821s] Level 1:colcon.colcon_core.package_identification:_identify(ros2_helloworld) by extension 'ignore_ament_install'
[1.821s] Level 1:colcon.colcon_core.package_identification:_identify(ros2_helloworld) by extensions ['colcon_pkg']
[1.822s] Level 1:colcon.colcon_core.package_identification:_identify(ros2_helloworld) by extension 'colcon_pkg'
[1.822s] Level 1:colcon.colcon_core.package_identification:_identify(ros2_helloworld) by extensions ['colcon_meta']
[1.822s] Level 1:colcon.colcon_core.package_identification:_identify(ros2_helloworld) by extension 'colcon_meta'
[1.822s] Level 1:colcon.colcon_core.package_identification:_identify(ros2_helloworld) by extensions ['ros']
[1.823s] Level 1:colcon.colcon_core.package_identification:_identify(ros2_helloworld) by extension 'ros'
[1.826s] DEBUG:colcon.colcon_core.package_identification:Package 'ros2_helloworld' with type 'ros.ament_cmake' and name 'ros2_helloworld'
[1.827s] Level 1:colcon.colcon_core.package_identification:_identify(ros2_opencat) by extensions ['ignore', 'ignore_ament_install']
[1.828s] Level 1:colcon.colcon_core.package_identification:_identify(ros2_opencat) by extension 'ignore'
[1.828s] Level 1:colcon.colcon_core.package_identification:_identify(ros2_opencat) by extension 'ignore_ament_install'
[1.829s] Level 1:colcon.colcon_core.package_identification:_identify(ros2_opencat) by extensions ['colcon_pkg']
[1.829s] Level 1:colcon.colcon_core.package_identification:_identify(ros2_opencat) by extension 'colcon_pkg'
[1.830s] Level 1:colcon.colcon_core.package_identification:_identify(ros2_opencat) by extensions ['colcon_meta']
[1.830s] Level 1:colcon.colcon_core.package_identification:_identify(ros2_opencat) by extension 'colcon_meta'
[1.830s] Level 1:colcon.colcon_core.package_identification:_identify(ros2_opencat) by extensions ['ros']
[1.831s] Level 1:colcon.colcon_core.package_identification:_identify(ros2_opencat) by extension 'ros'
[1.831s] Level 1:colcon.colcon_core.package_identification:_identify(ros2_opencat) by extensions ['cmake', 'python']
[1.831s] Level 1:colcon.colcon_core.package_identification:_identify(ros2_opencat) by extension 'cmake'
[1.832s] Level 1:colcon.colcon_core.package_identification:_identify(ros2_opencat) by extension 'python'
[1.832s] Level 1:colcon.colcon_core.package_identification:_identify(ros2_opencat) by extensions ['python_setup_py']
[1.832s] Level 1:colcon.colcon_core.package_identification:_identify(ros2_opencat) by extension 'python_setup_py'
[1.833s] Level 1:colcon.colcon_core.package_identification:_identify(ros2_opencat/opencat) by extensions ['ignore', 'ignore_ament_install']
[1.833s] Level 1:colcon.colcon_core.package_identification:_identify(ros2_opencat/opencat) by extension 'ignore'
[1.834s] Level 1:colcon.colcon_core.package_identification:_identify(ros2_opencat/opencat) by extension 'ignore_ament_install'
[1.834s] Level 1:colcon.colcon_core.package_identification:_identify(ros2_opencat/opencat) by extensions ['colcon_pkg']
[1.834s] Level 1:colcon.colcon_core.package_identification:_identify(ros2_opencat/opencat) by extension 'colcon_pkg'
[1.834s] Level 1:colcon.colcon_core.package_identification:_identify(ros2_opencat/opencat) by extensions ['colcon_meta']
[1.834s] Level 1:colcon.colcon_core.package_identification:_identify(ros2_opencat/opencat) by extension 'colcon_meta'
[1.835s] Level 1:colcon.colcon_core.package_identification:_identify(ros2_opencat/opencat) by extensions ['ros']
[1.835s] Level 1:colcon.colcon_core.package_identification:_identify(ros2_opencat/opencat) by extension 'ros'
[1.841s] DEBUG:colcon.colcon_core.package_identification:Package 'ros2_opencat/opencat' with type 'ros.ament_cmake' and name 'opencat'
[1.841s] Level 1:colcon.colcon_core.package_identification:_identify(ros2_opencat/opencat_msgs) by extensions ['ignore', 'ignore_ament_install']
[1.842s] Level 1:colcon.colcon_core.package_identification:_identify(ros2_opencat/opencat_msgs) by extension 'ignore'
[1.843s] Level 1:colcon.colcon_core.package_identification:_identify(ros2_opencat/opencat_msgs) by extension 'ignore_ament_install'
[1.843s] Level 1:colcon.colcon_core.package_identification:_identify(ros2_opencat/opencat_msgs) by extensions ['colcon_pkg']
[1.844s] Level 1:colcon.colcon_core.package_identification:_identify(ros2_opencat/opencat_msgs) by extension 'colcon_pkg'
[1.844s] Level 1:colcon.colcon_core.package_identification:_identify(ros2_opencat/opencat_msgs) by extensions ['colcon_meta']
[1.844s] Level 1:colcon.colcon_core.package_identification:_identify(ros2_opencat/opencat_msgs) by extension 'colcon_meta'
[1.845s] Level 1:colcon.colcon_core.package_identification:_identify(ros2_opencat/opencat_msgs) by extensions ['ros']
[1.845s] Level 1:colcon.colcon_core.package_identification:_identify(ros2_opencat/opencat_msgs) by extension 'ros'
[1.850s] DEBUG:colcon.colcon_core.package_identification:Package 'ros2_opencat/opencat_msgs' with type 'ros.ament_cmake' and name 'opencat_msgs'
[1.851s] Level 1:colcon.colcon_core.package_identification:_identify(ros2_opencat/opencat_serial) by extensions ['ignore', 'ignore_ament_install']
[1.852s] Level 1:colcon.colcon_core.package_identification:_identify(ros2_opencat/opencat_serial) by extension 'ignore'
[1.852s] Level 1:colcon.colcon_core.package_identification:_identify(ros2_opencat/opencat_serial) by extension 'ignore_ament_install'
[1.853s] Level 1:colcon.colcon_core.package_identification:_identify(ros2_opencat/opencat_serial) by extensions ['colcon_pkg']
[1.853s] Level 1:colcon.colcon_core.package_identification:_identify(ros2_opencat/opencat_serial) by extension 'colcon_pkg'
[1.853s] Level 1:colcon.colcon_core.package_identification:_identify(ros2_opencat/opencat_serial) by extensions ['colcon_meta']
[1.854s] Level 1:colcon.colcon_core.package_identification:_identify(ros2_opencat/opencat_serial) by extension 'colcon_meta'
[1.854s] Level 1:colcon.colcon_core.package_identification:_identify(ros2_opencat/opencat_serial) by extensions ['ros']
[1.854s] Level 1:colcon.colcon_core.package_identification:_identify(ros2_opencat/opencat_serial) by extension 'ros'
[1.860s] DEBUG:colcon.colcon_core.package_identification:Package 'ros2_opencat/opencat_serial' with type 'ros.ament_cmake' and name 'opencat_serial'
[1.860s] Level 1:colcon.colcon_core.package_discovery:discover_packages(recursive) using defaults
[1.861s] Level 1:colcon.colcon_core.package_discovery:discover_packages(ignore) discover
[1.861s] Level 1:colcon.colcon_core.package_discovery:discover_packages(ignore) using defaults
[1.861s] Level 1:colcon.colcon_core.package_discovery:discover_packages(path) discover
[1.861s] Level 1:colcon.colcon_core.package_discovery:discover_packages(path) using defaults
[1.988s] Level 1:colcon.colcon_core.package_discovery:discover_packages(prefix_path) check parameters
[1.989s] Level 1:colcon.colcon_core.package_discovery:discover_packages(prefix_path) discover
[1.998s] DEBUG:colcon.colcon_installed_package_information.package_discovery:Found 54 installed packages in /opt/tros/humble
[2.007s] DEBUG:colcon.colcon_installed_package_information.package_discovery:Found 186 installed packages in /opt/ros/humble
[2.015s] Level 1:colcon.colcon_core.package_discovery:discover_packages(prefix_path) using defaults
[2.307s] Level 5:colcon.colcon_core.verb:set package 'gesture_legs_control' build argument 'cmake_args' from command line to 'None'
[2.308s] Level 5:colcon.colcon_core.verb:set package 'gesture_legs_control' build argument 'cmake_target' from command line to 'None'
[2.308s] Level 5:colcon.colcon_core.verb:set package 'gesture_legs_control' build argument 'cmake_target_skip_unavailable' from command line to 'False'
[2.308s] Level 5:colcon.colcon_core.verb:set package 'gesture_legs_control' build argument 'cmake_clean_cache' from command line to 'False'
[2.308s] Level 5:colcon.colcon_core.verb:set package 'gesture_legs_control' build argument 'cmake_clean_first' from command line to 'False'
[2.309s] Level 5:colcon.colcon_core.verb:set package 'gesture_legs_control' build argument 'cmake_force_configure' from command line to 'False'
[2.309s] Level 5:colcon.colcon_core.verb:set package 'gesture_legs_control' build argument 'ament_cmake_args' from command line to 'None'
[2.309s] Level 5:colcon.colcon_core.verb:set package 'gesture_legs_control' build argument 'catkin_cmake_args' from command line to 'None'
[2.309s] Level 5:colcon.colcon_core.verb:set package 'gesture_legs_control' build argument 'catkin_skip_building_tests' from command line to 'False'
[2.310s] DEBUG:colcon.colcon_core.verb:Building package 'gesture_legs_control' with the following arguments: {'ament_cmake_args': None, 'build_base': '/root/ros2_ws/src/build/gesture_legs_control', 'catkin_cmake_args': None, 'catkin_skip_building_tests': False, 'cmake_args': None, 'cmake_clean_cache': False, 'cmake_clean_first': False, 'cmake_force_configure': False, 'cmake_target': None, 'cmake_target_skip_unavailable': False, 'install_base': '/root/ros2_ws/src/install/gesture_legs_control', 'merge_install': False, 'path': '/root/ros2_ws/src/gesture_legs_control', 'symlink_install': False, 'test_result_base': None}
[2.312s] Level 5:colcon.colcon_core.verb:set package 'opencat_msgs' build argument 'cmake_args' from command line to 'None'
[2.312s] Level 5:colcon.colcon_core.verb:set package 'opencat_msgs' build argument 'cmake_target' from command line to 'None'
[2.313s] Level 5:colcon.colcon_core.verb:set package 'opencat_msgs' build argument 'cmake_target_skip_unavailable' from command line to 'False'
[2.313s] Level 5:colcon.colcon_core.verb:set package 'opencat_msgs' build argument 'cmake_clean_cache' from command line to 'False'
[2.313s] Level 5:colcon.colcon_core.verb:set package 'opencat_msgs' build argument 'cmake_clean_first' from command line to 'False'
[2.313s] Level 5:colcon.colcon_core.verb:set package 'opencat_msgs' build argument 'cmake_force_configure' from command line to 'False'
[2.313s] Level 5:colcon.colcon_core.verb:set package 'opencat_msgs' build argument 'ament_cmake_args' from command line to 'None'
[2.313s] Level 5:colcon.colcon_core.verb:set package 'opencat_msgs' build argument 'catkin_cmake_args' from command line to 'None'
[2.314s] Level 5:colcon.colcon_core.verb:set package 'opencat_msgs' build argument 'catkin_skip_building_tests' from command line to 'False'
[2.314s] DEBUG:colcon.colcon_core.verb:Building package 'opencat_msgs' with the following arguments: {'ament_cmake_args': None, 'build_base': '/root/ros2_ws/src/build/opencat_msgs', 'catkin_cmake_args': None, 'catkin_skip_building_tests': False, 'cmake_args': None, 'cmake_clean_cache': False, 'cmake_clean_first': False, 'cmake_force_configure': False, 'cmake_target': None, 'cmake_target_skip_unavailable': False, 'install_base': '/root/ros2_ws/src/install/opencat_msgs', 'merge_install': False, 'path': '/root/ros2_ws/src/ros2_opencat/opencat_msgs', 'symlink_install': False, 'test_result_base': None}
[2.316s] Level 5:colcon.colcon_core.verb:set package 'ros2_helloworld' build argument 'cmake_args' from command line to 'None'
[2.317s] Level 5:colcon.colcon_core.verb:set package 'ros2_helloworld' build argument 'cmake_target' from command line to 'None'
[2.317s] Level 5:colcon.colcon_core.verb:set package 'ros2_helloworld' build argument 'cmake_target_skip_unavailable' from command line to 'False'
[2.317s] Level 5:colcon.colcon_core.verb:set package 'ros2_helloworld' build argument 'cmake_clean_cache' from command line to 'False'
[2.317s] Level 5:colcon.colcon_core.verb:set package 'ros2_helloworld' build argument 'cmake_clean_first' from command line to 'False'
[2.317s] Level 5:colcon.colcon_core.verb:set package 'ros2_helloworld' build argument 'cmake_force_configure' from command line to 'False'
[2.317s] Level 5:colcon.colcon_core.verb:set package 'ros2_helloworld' build argument 'ament_cmake_args' from command line to 'None'
[2.318s] Level 5:colcon.colcon_core.verb:set package 'ros2_helloworld' build argument 'catkin_cmake_args' from command line to 'None'
[2.318s] Level 5:colcon.colcon_core.verb:set package 'ros2_helloworld' build argument 'catkin_skip_building_tests' from command line to 'False'
[2.318s] DEBUG:colcon.colcon_core.verb:Building package 'ros2_helloworld' with the following arguments: {'ament_cmake_args': None, 'build_base': '/root/ros2_ws/src/build/ros2_helloworld', 'catkin_cmake_args': None, 'catkin_skip_building_tests': False, 'cmake_args': None, 'cmake_clean_cache': False, 'cmake_clean_first': False, 'cmake_force_configure': False, 'cmake_target': None, 'cmake_target_skip_unavailable': False, 'install_base': '/root/ros2_ws/src/install/ros2_helloworld', 'merge_install': False, 'path': '/root/ros2_ws/src/ros2_helloworld', 'symlink_install': False, 'test_result_base': None}
[2.320s] Level 5:colcon.colcon_core.verb:set package 'serial_example' build argument 'cmake_args' from command line to 'None'
[2.321s] Level 5:colcon.colcon_core.verb:set package 'serial_example' build argument 'cmake_target' from command line to 'None'
[2.321s] Level 5:colcon.colcon_core.verb:set package 'serial_example' build argument 'cmake_target_skip_unavailable' from command line to 'False'
[2.321s] Level 5:colcon.colcon_core.verb:set package 'serial_example' build argument 'cmake_clean_cache' from command line to 'False'
[2.321s] Level 5:colcon.colcon_core.verb:set package 'serial_example' build argument 'cmake_clean_first' from command line to 'False'
[2.321s] Level 5:colcon.colcon_core.verb:set package 'serial_example' build argument 'cmake_force_configure' from command line to 'False'
[2.322s] Level 5:colcon.colcon_core.verb:set package 'serial_example' build argument 'ament_cmake_args' from command line to 'None'
[2.322s] Level 5:colcon.colcon_core.verb:set package 'serial_example' build argument 'catkin_cmake_args' from command line to 'None'
[2.322s] Level 5:colcon.colcon_core.verb:set package 'serial_example' build argument 'catkin_skip_building_tests' from command line to 'False'
[2.322s] DEBUG:colcon.colcon_core.verb:Building package 'serial_example' with the following arguments: {'ament_cmake_args': None, 'build_base': '/root/ros2_ws/src/build/serial_example', 'catkin_cmake_args': None, 'catkin_skip_building_tests': False, 'cmake_args': None, 'cmake_clean_cache': False, 'cmake_clean_first': False, 'cmake_force_configure': False, 'cmake_target': None, 'cmake_target_skip_unavailable': False, 'install_base': '/root/ros2_ws/src/install/serial_example', 'merge_install': False, 'path': '/root/ros2_ws/src/assets/example/Serial_Demo', 'symlink_install': False, 'test_result_base': None}
[2.325s] Level 5:colcon.colcon_core.verb:set package 'opencat' build argument 'cmake_args' from command line to 'None'
[2.325s] Level 5:colcon.colcon_core.verb:set package 'opencat' build argument 'cmake_target' from command line to 'None'
[2.325s] Level 5:colcon.colcon_core.verb:set package 'opencat' build argument 'cmake_target_skip_unavailable' from command line to 'False'
[2.325s] Level 5:colcon.colcon_core.verb:set package 'opencat' build argument 'cmake_clean_cache' from command line to 'False'
[2.325s] Level 5:colcon.colcon_core.verb:set package 'opencat' build argument 'cmake_clean_first' from command line to 'False'
[2.325s] Level 5:colcon.colcon_core.verb:set package 'opencat' build argument 'cmake_force_configure' from command line to 'False'
[2.326s] Level 5:colcon.colcon_core.verb:set package 'opencat' build argument 'ament_cmake_args' from command line to 'None'
[2.326s] Level 5:colcon.colcon_core.verb:set package 'opencat' build argument 'catkin_cmake_args' from command line to 'None'
[2.326s] Level 5:colcon.colcon_core.verb:set package 'opencat' build argument 'catkin_skip_building_tests' from command line to 'False'
[2.326s] DEBUG:colcon.colcon_core.verb:Building package 'opencat' with the following arguments: {'ament_cmake_args': None, 'build_base': '/root/ros2_ws/src/build/opencat', 'catkin_cmake_args': None, 'catkin_skip_building_tests': False, 'cmake_args': None, 'cmake_clean_cache': False, 'cmake_clean_first': False, 'cmake_force_configure': False, 'cmake_target': None, 'cmake_target_skip_unavailable': False, 'install_base': '/root/ros2_ws/src/install/opencat', 'merge_install': False, 'path': '/root/ros2_ws/src/ros2_opencat/opencat', 'symlink_install': False, 'test_result_base': None}
[2.329s] Level 5:colcon.colcon_core.verb:set package 'opencat_serial' build argument 'cmake_args' from command line to 'None'
[2.329s] Level 5:colcon.colcon_core.verb:set package 'opencat_serial' build argument 'cmake_target' from command line to 'None'
[2.329s] Level 5:colcon.colcon_core.verb:set package 'opencat_serial' build argument 'cmake_target_skip_unavailable' from command line to 'False'
[2.329s] Level 5:colcon.colcon_core.verb:set package 'opencat_serial' build argument 'cmake_clean_cache' from command line to 'False'
[2.329s] Level 5:colcon.colcon_core.verb:set package 'opencat_serial' build argument 'cmake_clean_first' from command line to 'False'
[2.330s] Level 5:colcon.colcon_core.verb:set package 'opencat_serial' build argument 'cmake_force_configure' from command line to 'False'
[2.330s] Level 5:colcon.colcon_core.verb:set package 'opencat_serial' build argument 'ament_cmake_args' from command line to 'None'
[2.330s] Level 5:colcon.colcon_core.verb:set package 'opencat_serial' build argument 'catkin_cmake_args' from command line to 'None'
[2.330s] Level 5:colcon.colcon_core.verb:set package 'opencat_serial' build argument 'catkin_skip_building_tests' from command line to 'False'
[2.330s] DEBUG:colcon.colcon_core.verb:Building package 'opencat_serial' with the following arguments: {'ament_cmake_args': None, 'build_base': '/root/ros2_ws/src/build/opencat_serial', 'catkin_cmake_args': None, 'catkin_skip_building_tests': False, 'cmake_args': None, 'cmake_clean_cache': False, 'cmake_clean_first': False, 'cmake_force_configure': False, 'cmake_target': None, 'cmake_target_skip_unavailable': False, 'install_base': '/root/ros2_ws/src/install/opencat_serial', 'merge_install': False, 'path': '/root/ros2_ws/src/ros2_opencat/opencat_serial', 'symlink_install': False, 'test_result_base': None}
[2.331s] INFO:colcon.colcon_core.executor:Executing jobs using 'parallel' executor
[2.336s] DEBUG:colcon.colcon_parallel_executor.executor.parallel:run_until_complete
[2.337s] INFO:colcon.colcon_ros.task.ament_cmake.build:Building ROS package in '/root/ros2_ws/src/ros2_opencat/opencat_msgs' with build type 'ament_cmake'
[2.338s] INFO:colcon.colcon_cmake.task.cmake.build:Building CMake package in '/root/ros2_ws/src/ros2_opencat/opencat_msgs'
[2.350s] INFO:colcon.colcon_core.plugin_system:Skipping extension 'colcon_core.shell.bat': Not used on non-Windows systems
[2.352s] INFO:colcon.colcon_core.shell:Skip shell extension 'powershell' for command environment: Not usable outside of PowerShell
[2.352s] DEBUG:colcon.colcon_core.shell:Skip shell extension 'dsv' for command environment
[2.368s] INFO:colcon.colcon_ros.task.ament_cmake.build:Building ROS package in '/root/ros2_ws/src/gesture_legs_control' with build type 'ament_cmake'
[2.368s] INFO:colcon.colcon_cmake.task.cmake.build:Building CMake package in '/root/ros2_ws/src/gesture_legs_control'
[2.370s] INFO:colcon.colcon_core.shell:Skip shell extension 'powershell' for command environment: Not usable outside of PowerShell
[2.371s] DEBUG:colcon.colcon_core.shell:Skip shell extension 'dsv' for command environment
[2.385s] INFO:colcon.colcon_ros.task.ament_cmake.build:Building ROS package in '/root/ros2_ws/src/ros2_helloworld' with build type 'ament_cmake'
[2.385s] INFO:colcon.colcon_cmake.task.cmake.build:Building CMake package in '/root/ros2_ws/src/ros2_helloworld'
[2.387s] INFO:colcon.colcon_core.shell:Skip shell extension 'powershell' for command environment: Not usable outside of PowerShell
[2.388s] DEBUG:colcon.colcon_core.shell:Skip shell extension 'dsv' for command environment
[2.402s] INFO:colcon.colcon_cmake.task.cmake.build:Building CMake package in '/root/ros2_ws/src/assets/example/Serial_Demo'
[2.403s] INFO:colcon.colcon_core.shell:Skip shell extension 'powershell' for command environment: Not usable outside of PowerShell
[2.404s] DEBUG:colcon.colcon_core.shell:Skip shell extension 'dsv' for command environment
[2.435s] DEBUG:colcon.colcon_core.event_handler.log_command:Invoking command in '/root/ros2_ws/src/build/opencat_msgs': CMAKE_PREFIX_PATH=/opt/tros/humble:/opt/ros/humble /usr/bin/cmake /root/ros2_ws/src/ros2_opencat/opencat_msgs -DCMAKE_INSTALL_PREFIX=/root/ros2_ws/src/install/opencat_msgs
[2.452s] DEBUG:colcon.colcon_core.event_handler.log_command:Invoking command in '/root/ros2_ws/src/build/gesture_legs_control': CMAKE_PREFIX_PATH=/opt/tros/humble:/opt/ros/humble /usr/bin/cmake /root/ros2_ws/src/gesture_legs_control -DCMAKE_INSTALL_PREFIX=/root/ros2_ws/src/install/gesture_legs_control
[2.466s] DEBUG:colcon.colcon_core.event_handler.log_command:Invoking command in '/root/ros2_ws/src/build/ros2_helloworld': CMAKE_PREFIX_PATH=/opt/tros/humble:/opt/ros/humble /usr/bin/cmake /root/ros2_ws/src/ros2_helloworld -DCMAKE_INSTALL_PREFIX=/root/ros2_ws/src/install/ros2_helloworld
[2.483s] DEBUG:colcon.colcon_core.event_handler.log_command:Invoking command in '/root/ros2_ws/src/build/serial_example': /usr/bin/cmake /root/ros2_ws/src/assets/example/Serial_Demo -DCMAKE_INSTALL_PREFIX=/root/ros2_ws/src/install/serial_example
[4.161s] DEBUG:colcon.colcon_core.event_handler.log_command:Invoked command in '/root/ros2_ws/src/build/serial_example' returned '0': /usr/bin/cmake /root/ros2_ws/src/assets/example/Serial_Demo -DCMAKE_INSTALL_PREFIX=/root/ros2_ws/src/install/serial_example
[4.171s] DEBUG:colcon.colcon_core.event_handler.log_command:Invoking command in '/root/ros2_ws/src/build/serial_example': /usr/bin/cmake --build /root/ros2_ws/src/build/serial_example -- -j8 -l8
[7.402s] DEBUG:colcon.colcon_core.event_handler.log_command:Invoked command in '/root/ros2_ws/src/build/serial_example' returned '0': /usr/bin/cmake --build /root/ros2_ws/src/build/serial_example -- -j8 -l8
[7.404s] WARNING:colcon.colcon_cmake.task.cmake.build:Could not run installation step for package 'serial_example' because it has no 'install' target
[7.405s] Level 1:colcon.colcon_core.environment:create_environment_scripts_only(serial_example)
[7.421s] Level 1:colcon.colcon_core.environment:checking '/root/ros2_ws/src/install/serial_example' for CMake module files
[7.423s] Level 1:colcon.colcon_core.environment:checking '/root/ros2_ws/src/install/serial_example' for CMake config files
[7.425s] Level 1:colcon.colcon_core.environment:checking '/root/ros2_ws/src/install/serial_example/bin'
[7.426s] Level 1:colcon.colcon_core.environment:checking '/root/ros2_ws/src/install/serial_example/lib/pkgconfig/serial_example.pc'
[7.427s] Level 1:colcon.colcon_core.environment:checking '/root/ros2_ws/src/install/serial_example/lib/python3.10/site-packages'
[7.429s] Level 1:colcon.colcon_core.environment:checking '/root/ros2_ws/src/install/serial_example/bin'
[7.431s] INFO:colcon.colcon_core.shell:Creating package script '/root/ros2_ws/src/install/serial_example/share/serial_example/package.ps1'
[7.436s] INFO:colcon.colcon_core.shell:Creating package descriptor '/root/ros2_ws/src/install/serial_example/share/serial_example/package.dsv'
[7.440s] INFO:colcon.colcon_core.shell:Creating package script '/root/ros2_ws/src/install/serial_example/share/serial_example/package.sh'
[7.445s] INFO:colcon.colcon_core.shell:Creating package script '/root/ros2_ws/src/install/serial_example/share/serial_example/package.bash'
[7.450s] INFO:colcon.colcon_core.shell:Creating package script '/root/ros2_ws/src/install/serial_example/share/serial_example/package.zsh'
[7.455s] Level 1:colcon.colcon_core.environment:create_file_with_runtime_dependencies(/root/ros2_ws/src/install/serial_example/share/colcon-core/packages/serial_example)
[9.110s] DEBUG:colcon.colcon_core.event_handler.log_command:Invoked command in '/root/ros2_ws/src/build/ros2_helloworld' returned '0': CMAKE_PREFIX_PATH=/opt/tros/humble:/opt/ros/humble /usr/bin/cmake /root/ros2_ws/src/ros2_helloworld -DCMAKE_INSTALL_PREFIX=/root/ros2_ws/src/install/ros2_helloworld
[9.122s] DEBUG:colcon.colcon_core.event_handler.log_command:Invoking command in '/root/ros2_ws/src/build/ros2_helloworld': CMAKE_PREFIX_PATH=/opt/tros/humble:/opt/ros/humble /usr/bin/cmake --build /root/ros2_ws/src/build/ros2_helloworld -- -j8 -l8
[9.434s] DEBUG:colcon.colcon_core.event_handler.log_command:Invoked command in '/root/ros2_ws/src/build/gesture_legs_control' returned '0': CMAKE_PREFIX_PATH=/opt/tros/humble:/opt/ros/humble /usr/bin/cmake /root/ros2_ws/src/gesture_legs_control -DCMAKE_INSTALL_PREFIX=/root/ros2_ws/src/install/gesture_legs_control
[9.441s] DEBUG:colcon.colcon_core.event_handler.log_command:Invoking command in '/root/ros2_ws/src/build/gesture_legs_control': CMAKE_PREFIX_PATH=/opt/tros/humble:/opt/ros/humble /usr/bin/cmake --build /root/ros2_ws/src/build/gesture_legs_control -- -j8 -l8
[13.273s] DEBUG:colcon.colcon_core.event_handler.log_command:Invoked command in '/root/ros2_ws/src/build/opencat_msgs' returned '0': CMAKE_PREFIX_PATH=/opt/tros/humble:/opt/ros/humble /usr/bin/cmake /root/ros2_ws/src/ros2_opencat/opencat_msgs -DCMAKE_INSTALL_PREFIX=/root/ros2_ws/src/install/opencat_msgs
[13.277s] DEBUG:colcon.colcon_core.event_handler.log_command:Invoking command in '/root/ros2_ws/src/build/opencat_msgs': CMAKE_PREFIX_PATH=/opt/tros/humble:/opt/ros/humble /usr/bin/cmake --build /root/ros2_ws/src/build/opencat_msgs -- -j8 -l8
[28.716s] DEBUG:colcon.colcon_core.event_handler.log_command:Invoked command in '/root/ros2_ws/src/build/opencat_msgs' returned '0': CMAKE_PREFIX_PATH=/opt/tros/humble:/opt/ros/humble /usr/bin/cmake --build /root/ros2_ws/src/build/opencat_msgs -- -j8 -l8
[28.764s] DEBUG:colcon.colcon_core.event_handler.log_command:Invoking command in '/root/ros2_ws/src/build/opencat_msgs': CMAKE_PREFIX_PATH=/opt/tros/humble:/opt/ros/humble /usr/bin/cmake --install /root/ros2_ws/src/build/opencat_msgs
[29.190s] Level 1:colcon.colcon_core.environment:create_environment_scripts_only(opencat_msgs)
[29.193s] Level 1:colcon.colcon_core.environment:checking '/root/ros2_ws/src/install/opencat_msgs' for CMake module files
[29.195s] DEBUG:colcon.colcon_core.event_handler.log_command:Invoked command in '/root/ros2_ws/src/build/opencat_msgs' returned '0': CMAKE_PREFIX_PATH=/opt/tros/humble:/opt/ros/humble /usr/bin/cmake --install /root/ros2_ws/src/build/opencat_msgs
[29.198s] Level 1:colcon.colcon_core.environment:checking '/root/ros2_ws/src/install/opencat_msgs' for CMake config files
[29.202s] Level 1:colcon.colcon_core.shell:create_environment_hook('opencat_msgs', 'cmake_prefix_path')
[29.204s] INFO:colcon.colcon_core.shell:Creating environment hook '/root/ros2_ws/src/install/opencat_msgs/share/opencat_msgs/hook/cmake_prefix_path.ps1'
[29.208s] INFO:colcon.colcon_core.shell:Creating environment descriptor '/root/ros2_ws/src/install/opencat_msgs/share/opencat_msgs/hook/cmake_prefix_path.dsv'
[29.211s] INFO:colcon.colcon_core.shell:Creating environment hook '/root/ros2_ws/src/install/opencat_msgs/share/opencat_msgs/hook/cmake_prefix_path.sh'
[29.218s] Level 1:colcon.colcon_core.environment:checking '/root/ros2_ws/src/install/opencat_msgs/lib'
[29.219s] Level 1:colcon.colcon_core.shell:create_environment_hook('opencat_msgs', 'ld_library_path_lib')
[29.221s] INFO:colcon.colcon_core.shell:Creating environment hook '/root/ros2_ws/src/install/opencat_msgs/share/opencat_msgs/hook/ld_library_path_lib.ps1'
[29.224s] INFO:colcon.colcon_core.shell:Creating environment descriptor '/root/ros2_ws/src/install/opencat_msgs/share/opencat_msgs/hook/ld_library_path_lib.dsv'
[29.226s] INFO:colcon.colcon_core.shell:Creating environment hook '/root/ros2_ws/src/install/opencat_msgs/share/opencat_msgs/hook/ld_library_path_lib.sh'
[29.230s] Level 1:colcon.colcon_core.environment:checking '/root/ros2_ws/src/install/opencat_msgs/bin'
[29.231s] Level 1:colcon.colcon_core.environment:checking '/root/ros2_ws/src/install/opencat_msgs/lib/pkgconfig/opencat_msgs.pc'
[29.233s] Level 1:colcon.colcon_core.environment:checking '/root/ros2_ws/src/install/opencat_msgs/lib/python3.10/site-packages'
[29.234s] Level 1:colcon.colcon_core.environment:checking '/root/ros2_ws/src/install/opencat_msgs/bin'
[29.237s] INFO:colcon.colcon_core.shell:Creating package script '/root/ros2_ws/src/install/opencat_msgs/share/opencat_msgs/package.ps1'
[29.241s] INFO:colcon.colcon_core.shell:Creating package descriptor '/root/ros2_ws/src/install/opencat_msgs/share/opencat_msgs/package.dsv'
[29.245s] INFO:colcon.colcon_core.shell:Creating package script '/root/ros2_ws/src/install/opencat_msgs/share/opencat_msgs/package.sh'
[29.248s] INFO:colcon.colcon_core.shell:Creating package script '/root/ros2_ws/src/install/opencat_msgs/share/opencat_msgs/package.bash'
[29.251s] INFO:colcon.colcon_core.shell:Creating package script '/root/ros2_ws/src/install/opencat_msgs/share/opencat_msgs/package.zsh'
[29.253s] Level 1:colcon.colcon_core.environment:create_file_with_runtime_dependencies(/root/ros2_ws/src/install/opencat_msgs/share/colcon-core/packages/opencat_msgs)
[29.258s] Level 1:colcon.colcon_core.environment:create_environment_scripts_only(opencat_msgs)
[29.260s] Level 1:colcon.colcon_core.environment:checking '/root/ros2_ws/src/install/opencat_msgs' for CMake module files
[29.264s] Level 1:colcon.colcon_core.environment:checking '/root/ros2_ws/src/install/opencat_msgs' for CMake config files
[29.268s] Level 1:colcon.colcon_core.shell:create_environment_hook('opencat_msgs', 'cmake_prefix_path')
[29.270s] INFO:colcon.colcon_core.shell:Creating environment hook '/root/ros2_ws/src/install/opencat_msgs/share/opencat_msgs/hook/cmake_prefix_path.ps1'
[29.273s] INFO:colcon.colcon_core.shell:Creating environment descriptor '/root/ros2_ws/src/install/opencat_msgs/share/opencat_msgs/hook/cmake_prefix_path.dsv'
[29.276s] INFO:colcon.colcon_core.shell:Creating environment hook '/root/ros2_ws/src/install/opencat_msgs/share/opencat_msgs/hook/cmake_prefix_path.sh'
[29.280s] Level 1:colcon.colcon_core.environment:checking '/root/ros2_ws/src/install/opencat_msgs/lib'
[29.281s] Level 1:colcon.colcon_core.shell:create_environment_hook('opencat_msgs', 'ld_library_path_lib')
[29.282s] INFO:colcon.colcon_core.shell:Creating environment hook '/root/ros2_ws/src/install/opencat_msgs/share/opencat_msgs/hook/ld_library_path_lib.ps1'
[29.285s] INFO:colcon.colcon_core.shell:Creating environment descriptor '/root/ros2_ws/src/install/opencat_msgs/share/opencat_msgs/hook/ld_library_path_lib.dsv'
[29.288s] INFO:colcon.colcon_core.shell:Creating environment hook '/root/ros2_ws/src/install/opencat_msgs/share/opencat_msgs/hook/ld_library_path_lib.sh'
[29.291s] Level 1:colcon.colcon_core.environment:checking '/root/ros2_ws/src/install/opencat_msgs/bin'
[29.292s] Level 1:colcon.colcon_core.environment:checking '/root/ros2_ws/src/install/opencat_msgs/lib/pkgconfig/opencat_msgs.pc'
[29.294s] Level 1:colcon.colcon_core.environment:checking '/root/ros2_ws/src/install/opencat_msgs/lib/python3.10/site-packages'
[29.295s] Level 1:colcon.colcon_core.environment:checking '/root/ros2_ws/src/install/opencat_msgs/bin'
[29.298s] INFO:colcon.colcon_core.shell:Creating package script '/root/ros2_ws/src/install/opencat_msgs/share/opencat_msgs/package.ps1'
[29.302s] INFO:colcon.colcon_core.shell:Creating package descriptor '/root/ros2_ws/src/install/opencat_msgs/share/opencat_msgs/package.dsv'
[29.306s] INFO:colcon.colcon_core.shell:Creating package script '/root/ros2_ws/src/install/opencat_msgs/share/opencat_msgs/package.sh'
[29.310s] INFO:colcon.colcon_core.shell:Creating package script '/root/ros2_ws/src/install/opencat_msgs/share/opencat_msgs/package.bash'
[29.313s] INFO:colcon.colcon_core.shell:Creating package script '/root/ros2_ws/src/install/opencat_msgs/share/opencat_msgs/package.zsh'
[29.317s] Level 1:colcon.colcon_core.environment:create_file_with_runtime_dependencies(/root/ros2_ws/src/install/opencat_msgs/share/colcon-core/packages/opencat_msgs)
[29.320s] INFO:colcon.colcon_ros.task.ament_cmake.build:Building ROS package in '/root/ros2_ws/src/ros2_opencat/opencat' with build type 'ament_cmake'
[29.321s] INFO:colcon.colcon_cmake.task.cmake.build:Building CMake package in '/root/ros2_ws/src/ros2_opencat/opencat'
[29.323s] INFO:colcon.colcon_core.shell:Skip shell extension 'powershell' for command environment: Not usable outside of PowerShell
[29.323s] DEBUG:colcon.colcon_core.shell:Skip shell extension 'dsv' for command environment
[29.372s] DEBUG:colcon.colcon_core.event_handler.log_command:Invoking command in '/root/ros2_ws/src/build/opencat': AMENT_PREFIX_PATH=/root/ros2_ws/src/install/opencat_msgs:${AMENT_PREFIX_PATH} CMAKE_PREFIX_PATH=/root/ros2_ws/src/install/opencat_msgs:/opt/tros/humble:/opt/ros/humble LD_LIBRARY_PATH=/root/ros2_ws/src/install/opencat_msgs/lib:/opt/tros/humble/lib/aarch64-linux-gnu:/opt/tros/humble/lib:/opt/ros/humble/lib/aarch64-linux-gnu:/opt/ros/humble/lib:/usr/hobot/lib:/app/lib:/app/pub/lib:/middleware/lib:/middleware/pub/lib:/usr/hobot/lib/sensor:/system/lib:/system/usr/lib:/lib PYTHONPATH=/root/ros2_ws/src/install/opencat_msgs/local/lib/python3.10/dist-packages:${PYTHONPATH} /usr/bin/cmake /root/ros2_ws/src/ros2_opencat/opencat -DCMAKE_INSTALL_PREFIX=/root/ros2_ws/src/install/opencat
[31.439s] DEBUG:colcon.colcon_core.event_handler.log_command:Invoked command in '/root/ros2_ws/src/build/ros2_helloworld' returned '0': CMAKE_PREFIX_PATH=/opt/tros/humble:/opt/ros/humble /usr/bin/cmake --build /root/ros2_ws/src/build/ros2_helloworld -- -j8 -l8
[31.447s] DEBUG:colcon.colcon_core.event_handler.log_command:Invoking command in '/root/ros2_ws/src/build/ros2_helloworld': CMAKE_PREFIX_PATH=/opt/tros/humble:/opt/ros/humble /usr/bin/cmake --install /root/ros2_ws/src/build/ros2_helloworld
[31.503s] Level 1:colcon.colcon_core.environment:create_environment_scripts_only(ros2_helloworld)
[31.505s] Level 1:colcon.colcon_core.environment:checking '/root/ros2_ws/src/install/ros2_helloworld' for CMake module files
[31.508s] DEBUG:colcon.colcon_core.event_handler.log_command:Invoked command in '/root/ros2_ws/src/build/ros2_helloworld' returned '0': CMAKE_PREFIX_PATH=/opt/tros/humble:/opt/ros/humble /usr/bin/cmake --install /root/ros2_ws/src/build/ros2_helloworld
[31.510s] Level 1:colcon.colcon_core.environment:checking '/root/ros2_ws/src/install/ros2_helloworld' for CMake config files
[31.512s] Level 1:colcon.colcon_core.shell:create_environment_hook('ros2_helloworld', 'cmake_prefix_path')
[31.513s] INFO:colcon.colcon_core.shell:Creating environment hook '/root/ros2_ws/src/install/ros2_helloworld/share/ros2_helloworld/hook/cmake_prefix_path.ps1'
[31.516s] INFO:colcon.colcon_core.shell:Creating environment descriptor '/root/ros2_ws/src/install/ros2_helloworld/share/ros2_helloworld/hook/cmake_prefix_path.dsv'
[31.519s] INFO:colcon.colcon_core.shell:Creating environment hook '/root/ros2_ws/src/install/ros2_helloworld/share/ros2_helloworld/hook/cmake_prefix_path.sh'
[31.523s] Level 1:colcon.colcon_core.environment:checking '/root/ros2_ws/src/install/ros2_helloworld/lib'
[31.524s] Level 1:colcon.colcon_core.environment:checking '/root/ros2_ws/src/install/ros2_helloworld/bin'
[31.525s] Level 1:colcon.colcon_core.environment:checking '/root/ros2_ws/src/install/ros2_helloworld/lib/pkgconfig/ros2_helloworld.pc'
[31.526s] Level 1:colcon.colcon_core.environment:checking '/root/ros2_ws/src/install/ros2_helloworld/lib/python3.10/site-packages'
[31.528s] Level 1:colcon.colcon_core.environment:checking '/root/ros2_ws/src/install/ros2_helloworld/bin'
[31.531s] INFO:colcon.colcon_core.shell:Creating package script '/root/ros2_ws/src/install/ros2_helloworld/share/ros2_helloworld/package.ps1'
[31.534s] INFO:colcon.colcon_core.shell:Creating package descriptor '/root/ros2_ws/src/install/ros2_helloworld/share/ros2_helloworld/package.dsv'
[31.538s] INFO:colcon.colcon_core.shell:Creating package script '/root/ros2_ws/src/install/ros2_helloworld/share/ros2_helloworld/package.sh'
[31.541s] INFO:colcon.colcon_core.shell:Creating package script '/root/ros2_ws/src/install/ros2_helloworld/share/ros2_helloworld/package.bash'
[31.544s] INFO:colcon.colcon_core.shell:Creating package script '/root/ros2_ws/src/install/ros2_helloworld/share/ros2_helloworld/package.zsh'
[31.546s] Level 1:colcon.colcon_core.environment:create_file_with_runtime_dependencies(/root/ros2_ws/src/install/ros2_helloworld/share/colcon-core/packages/ros2_helloworld)
[31.550s] Level 1:colcon.colcon_core.environment:create_environment_scripts_only(ros2_helloworld)
[31.552s] Level 1:colcon.colcon_core.environment:checking '/root/ros2_ws/src/install/ros2_helloworld' for CMake module files
[31.556s] Level 1:colcon.colcon_core.environment:checking '/root/ros2_ws/src/install/ros2_helloworld' for CMake config files
[31.558s] Level 1:colcon.colcon_core.shell:create_environment_hook('ros2_helloworld', 'cmake_prefix_path')
[31.560s] INFO:colcon.colcon_core.shell:Creating environment hook '/root/ros2_ws/src/install/ros2_helloworld/share/ros2_helloworld/hook/cmake_prefix_path.ps1'
[31.563s] INFO:colcon.colcon_core.shell:Creating environment descriptor '/root/ros2_ws/src/install/ros2_helloworld/share/ros2_helloworld/hook/cmake_prefix_path.dsv'
[31.566s] INFO:colcon.colcon_core.shell:Creating environment hook '/root/ros2_ws/src/install/ros2_helloworld/share/ros2_helloworld/hook/cmake_prefix_path.sh'
[31.570s] Level 1:colcon.colcon_core.environment:checking '/root/ros2_ws/src/install/ros2_helloworld/lib'
[31.571s] Level 1:colcon.colcon_core.environment:checking '/root/ros2_ws/src/install/ros2_helloworld/bin'
[31.572s] Level 1:colcon.colcon_core.environment:checking '/root/ros2_ws/src/install/ros2_helloworld/lib/pkgconfig/ros2_helloworld.pc'
[31.573s] Level 1:colcon.colcon_core.environment:checking '/root/ros2_ws/src/install/ros2_helloworld/lib/python3.10/site-packages'
[31.575s] Level 1:colcon.colcon_core.environment:checking '/root/ros2_ws/src/install/ros2_helloworld/bin'
[31.577s] INFO:colcon.colcon_core.shell:Creating package script '/root/ros2_ws/src/install/ros2_helloworld/share/ros2_helloworld/package.ps1'
[31.581s] INFO:colcon.colcon_core.shell:Creating package descriptor '/root/ros2_ws/src/install/ros2_helloworld/share/ros2_helloworld/package.dsv'
[31.585s] INFO:colcon.colcon_core.shell:Creating package script '/root/ros2_ws/src/install/ros2_helloworld/share/ros2_helloworld/package.sh'
[31.589s] INFO:colcon.colcon_core.shell:Creating package script '/root/ros2_ws/src/install/ros2_helloworld/share/ros2_helloworld/package.bash'
[31.593s] INFO:colcon.colcon_core.shell:Creating package script '/root/ros2_ws/src/install/ros2_helloworld/share/ros2_helloworld/package.zsh'
[31.596s] Level 1:colcon.colcon_core.environment:create_file_with_runtime_dependencies(/root/ros2_ws/src/install/ros2_helloworld/share/colcon-core/packages/ros2_helloworld)
[36.441s] DEBUG:colcon.colcon_core.event_handler.log_command:Invoked command in '/root/ros2_ws/src/build/opencat' returned '0': AMENT_PREFIX_PATH=/root/ros2_ws/src/install/opencat_msgs:${AMENT_PREFIX_PATH} CMAKE_PREFIX_PATH=/root/ros2_ws/src/install/opencat_msgs:/opt/tros/humble:/opt/ros/humble LD_LIBRARY_PATH=/root/ros2_ws/src/install/opencat_msgs/lib:/opt/tros/humble/lib/aarch64-linux-gnu:/opt/tros/humble/lib:/opt/ros/humble/lib/aarch64-linux-gnu:/opt/ros/humble/lib:/usr/hobot/lib:/app/lib:/app/pub/lib:/middleware/lib:/middleware/pub/lib:/usr/hobot/lib/sensor:/system/lib:/system/usr/lib:/lib PYTHONPATH=/root/ros2_ws/src/install/opencat_msgs/local/lib/python3.10/dist-packages:${PYTHONPATH} /usr/bin/cmake /root/ros2_ws/src/ros2_opencat/opencat -DCMAKE_INSTALL_PREFIX=/root/ros2_ws/src/install/opencat
[36.447s] DEBUG:colcon.colcon_core.event_handler.log_command:Invoking command in '/root/ros2_ws/src/build/opencat': AMENT_PREFIX_PATH=/root/ros2_ws/src/install/opencat_msgs:${AMENT_PREFIX_PATH} CMAKE_PREFIX_PATH=/root/ros2_ws/src/install/opencat_msgs:/opt/tros/humble:/opt/ros/humble LD_LIBRARY_PATH=/root/ros2_ws/src/install/opencat_msgs/lib:/opt/tros/humble/lib/aarch64-linux-gnu:/opt/tros/humble/lib:/opt/ros/humble/lib/aarch64-linux-gnu:/opt/ros/humble/lib:/usr/hobot/lib:/app/lib:/app/pub/lib:/middleware/lib:/middleware/pub/lib:/usr/hobot/lib/sensor:/system/lib:/system/usr/lib:/lib PYTHONPATH=/root/ros2_ws/src/install/opencat_msgs/local/lib/python3.10/dist-packages:${PYTHONPATH} /usr/bin/cmake --build /root/ros2_ws/src/build/opencat -- -j8 -l8
[38.309s] DEBUG:colcon.colcon_core.event_handler.log_command:Invoked command in '/root/ros2_ws/src/build/opencat' returned '0': AMENT_PREFIX_PATH=/root/ros2_ws/src/install/opencat_msgs:${AMENT_PREFIX_PATH} CMAKE_PREFIX_PATH=/root/ros2_ws/src/install/opencat_msgs:/opt/tros/humble:/opt/ros/humble LD_LIBRARY_PATH=/root/ros2_ws/src/install/opencat_msgs/lib:/opt/tros/humble/lib/aarch64-linux-gnu:/opt/tros/humble/lib:/opt/ros/humble/lib/aarch64-linux-gnu:/opt/ros/humble/lib:/usr/hobot/lib:/app/lib:/app/pub/lib:/middleware/lib:/middleware/pub/lib:/usr/hobot/lib/sensor:/system/lib:/system/usr/lib:/lib PYTHONPATH=/root/ros2_ws/src/install/opencat_msgs/local/lib/python3.10/dist-packages:${PYTHONPATH} /usr/bin/cmake --build /root/ros2_ws/src/build/opencat -- -j8 -l8
[38.316s] DEBUG:colcon.colcon_core.event_handler.log_command:Invoking command in '/root/ros2_ws/src/build/opencat': AMENT_PREFIX_PATH=/root/ros2_ws/src/install/opencat_msgs:${AMENT_PREFIX_PATH} CMAKE_PREFIX_PATH=/root/ros2_ws/src/install/opencat_msgs:/opt/tros/humble:/opt/ros/humble LD_LIBRARY_PATH=/root/ros2_ws/src/install/opencat_msgs/lib:/opt/tros/humble/lib/aarch64-linux-gnu:/opt/tros/humble/lib:/opt/ros/humble/lib/aarch64-linux-gnu:/opt/ros/humble/lib:/usr/hobot/lib:/app/lib:/app/pub/lib:/middleware/lib:/middleware/pub/lib:/usr/hobot/lib/sensor:/system/lib:/system/usr/lib:/lib PYTHONPATH=/root/ros2_ws/src/install/opencat_msgs/local/lib/python3.10/dist-packages:${PYTHONPATH} /usr/bin/cmake --install /root/ros2_ws/src/build/opencat
[38.642s] Level 1:colcon.colcon_core.environment:create_environment_scripts_only(opencat)
[38.644s] Level 1:colcon.colcon_core.environment:checking '/root/ros2_ws/src/install/opencat' for CMake module files
[38.646s] DEBUG:colcon.colcon_core.event_handler.log_command:Invoked command in '/root/ros2_ws/src/build/opencat' returned '0': AMENT_PREFIX_PATH=/root/ros2_ws/src/install/opencat_msgs:${AMENT_PREFIX_PATH} CMAKE_PREFIX_PATH=/root/ros2_ws/src/install/opencat_msgs:/opt/tros/humble:/opt/ros/humble LD_LIBRARY_PATH=/root/ros2_ws/src/install/opencat_msgs/lib:/opt/tros/humble/lib/aarch64-linux-gnu:/opt/tros/humble/lib:/opt/ros/humble/lib/aarch64-linux-gnu:/opt/ros/humble/lib:/usr/hobot/lib:/app/lib:/app/pub/lib:/middleware/lib:/middleware/pub/lib:/usr/hobot/lib/sensor:/system/lib:/system/usr/lib:/lib PYTHONPATH=/root/ros2_ws/src/install/opencat_msgs/local/lib/python3.10/dist-packages:${PYTHONPATH} /usr/bin/cmake --install /root/ros2_ws/src/build/opencat
[38.648s] Level 1:colcon.colcon_core.environment:checking '/root/ros2_ws/src/install/opencat' for CMake config files
[38.651s] Level 1:colcon.colcon_core.shell:create_environment_hook('opencat', 'cmake_prefix_path')
[38.652s] INFO:colcon.colcon_core.shell:Creating environment hook '/root/ros2_ws/src/install/opencat/share/opencat/hook/cmake_prefix_path.ps1'
[38.655s] INFO:colcon.colcon_core.shell:Creating environment descriptor '/root/ros2_ws/src/install/opencat/share/opencat/hook/cmake_prefix_path.dsv'
[38.657s] INFO:colcon.colcon_core.shell:Creating environment hook '/root/ros2_ws/src/install/opencat/share/opencat/hook/cmake_prefix_path.sh'
[38.660s] Level 1:colcon.colcon_core.environment:checking '/root/ros2_ws/src/install/opencat/bin'
[38.661s] Level 1:colcon.colcon_core.environment:checking '/root/ros2_ws/src/install/opencat/lib/pkgconfig/opencat.pc'
[38.662s] Level 1:colcon.colcon_core.environment:checking '/root/ros2_ws/src/install/opencat/lib/python3.10/site-packages'
[38.664s] Level 1:colcon.colcon_core.environment:checking '/root/ros2_ws/src/install/opencat/bin'
[38.666s] INFO:colcon.colcon_core.shell:Creating package script '/root/ros2_ws/src/install/opencat/share/opencat/package.ps1'
[38.669s] INFO:colcon.colcon_core.shell:Creating package descriptor '/root/ros2_ws/src/install/opencat/share/opencat/package.dsv'
[38.672s] INFO:colcon.colcon_core.shell:Creating package script '/root/ros2_ws/src/install/opencat/share/opencat/package.sh'
[38.674s] INFO:colcon.colcon_core.shell:Creating package script '/root/ros2_ws/src/install/opencat/share/opencat/package.bash'
[38.676s] INFO:colcon.colcon_core.shell:Creating package script '/root/ros2_ws/src/install/opencat/share/opencat/package.zsh'
[38.678s] Level 1:colcon.colcon_core.environment:create_file_with_runtime_dependencies(/root/ros2_ws/src/install/opencat/share/colcon-core/packages/opencat)
[38.682s] Level 1:colcon.colcon_core.environment:create_environment_scripts_only(opencat)
[38.684s] Level 1:colcon.colcon_core.environment:checking '/root/ros2_ws/src/install/opencat' for CMake module files
[38.687s] Level 1:colcon.colcon_core.environment:checking '/root/ros2_ws/src/install/opencat' for CMake config files
[38.690s] Level 1:colcon.colcon_core.shell:create_environment_hook('opencat', 'cmake_prefix_path')
[38.692s] INFO:colcon.colcon_core.shell:Creating environment hook '/root/ros2_ws/src/install/opencat/share/opencat/hook/cmake_prefix_path.ps1'
[38.695s] INFO:colcon.colcon_core.shell:Creating environment descriptor '/root/ros2_ws/src/install/opencat/share/opencat/hook/cmake_prefix_path.dsv'
[38.697s] INFO:colcon.colcon_core.shell:Creating environment hook '/root/ros2_ws/src/install/opencat/share/opencat/hook/cmake_prefix_path.sh'
[38.701s] Level 1:colcon.colcon_core.environment:checking '/root/ros2_ws/src/install/opencat/bin'
[38.701s] Level 1:colcon.colcon_core.environment:checking '/root/ros2_ws/src/install/opencat/lib/pkgconfig/opencat.pc'
[38.703s] Level 1:colcon.colcon_core.environment:checking '/root/ros2_ws/src/install/opencat/lib/python3.10/site-packages'
[38.704s] Level 1:colcon.colcon_core.environment:checking '/root/ros2_ws/src/install/opencat/bin'
[38.706s] INFO:colcon.colcon_core.shell:Creating package script '/root/ros2_ws/src/install/opencat/share/opencat/package.ps1'
[38.710s] INFO:colcon.colcon_core.shell:Creating package descriptor '/root/ros2_ws/src/install/opencat/share/opencat/package.dsv'
[38.715s] INFO:colcon.colcon_core.shell:Creating package script '/root/ros2_ws/src/install/opencat/share/opencat/package.sh'
[38.718s] INFO:colcon.colcon_core.shell:Creating package script '/root/ros2_ws/src/install/opencat/share/opencat/package.bash'
[38.722s] INFO:colcon.colcon_core.shell:Creating package script '/root/ros2_ws/src/install/opencat/share/opencat/package.zsh'
[38.725s] Level 1:colcon.colcon_core.environment:create_file_with_runtime_dependencies(/root/ros2_ws/src/install/opencat/share/colcon-core/packages/opencat)
[38.727s] INFO:colcon.colcon_ros.task.ament_cmake.build:Building ROS package in '/root/ros2_ws/src/ros2_opencat/opencat_serial' with build type 'ament_cmake'
[38.727s] INFO:colcon.colcon_cmake.task.cmake.build:Building CMake package in '/root/ros2_ws/src/ros2_opencat/opencat_serial'
[38.729s] INFO:colcon.colcon_core.shell:Skip shell extension 'powershell' for command environment: Not usable outside of PowerShell
[38.730s] DEBUG:colcon.colcon_core.shell:Skip shell extension 'dsv' for command environment
[38.776s] DEBUG:colcon.colcon_core.event_handler.log_command:Invoking command in '/root/ros2_ws/src/build/opencat_serial': AMENT_PREFIX_PATH=/root/ros2_ws/src/install/opencat:/root/ros2_ws/src/install/opencat_msgs:${AMENT_PREFIX_PATH} CMAKE_PREFIX_PATH=/root/ros2_ws/src/install/opencat:/root/ros2_ws/src/install/opencat_msgs:/opt/tros/humble:/opt/ros/humble LD_LIBRARY_PATH=/root/ros2_ws/src/install/opencat_msgs/lib:/opt/tros/humble/lib/aarch64-linux-gnu:/opt/tros/humble/lib:/opt/ros/humble/lib/aarch64-linux-gnu:/opt/ros/humble/lib:/usr/hobot/lib:/app/lib:/app/pub/lib:/middleware/lib:/middleware/pub/lib:/usr/hobot/lib/sensor:/system/lib:/system/usr/lib:/lib PYTHONPATH=/root/ros2_ws/src/install/opencat/local/lib/python3.10/dist-packages:/root/ros2_ws/src/install/opencat_msgs/local/lib/python3.10/dist-packages:${PYTHONPATH} /usr/bin/cmake /root/ros2_ws/src/ros2_opencat/opencat_serial -DCMAKE_INSTALL_PREFIX=/root/ros2_ws/src/install/opencat_serial
[46.185s] DEBUG:colcon.colcon_core.event_handler.log_command:Invoked command in '/root/ros2_ws/src/build/opencat_serial' returned '0': AMENT_PREFIX_PATH=/root/ros2_ws/src/install/opencat:/root/ros2_ws/src/install/opencat_msgs:${AMENT_PREFIX_PATH} CMAKE_PREFIX_PATH=/root/ros2_ws/src/install/opencat:/root/ros2_ws/src/install/opencat_msgs:/opt/tros/humble:/opt/ros/humble LD_LIBRARY_PATH=/root/ros2_ws/src/install/opencat_msgs/lib:/opt/tros/humble/lib/aarch64-linux-gnu:/opt/tros/humble/lib:/opt/ros/humble/lib/aarch64-linux-gnu:/opt/ros/humble/lib:/usr/hobot/lib:/app/lib:/app/pub/lib:/middleware/lib:/middleware/pub/lib:/usr/hobot/lib/sensor:/system/lib:/system/usr/lib:/lib PYTHONPATH=/root/ros2_ws/src/install/opencat/local/lib/python3.10/dist-packages:/root/ros2_ws/src/install/opencat_msgs/local/lib/python3.10/dist-packages:${PYTHONPATH} /usr/bin/cmake /root/ros2_ws/src/ros2_opencat/opencat_serial -DCMAKE_INSTALL_PREFIX=/root/ros2_ws/src/install/opencat_serial
[46.194s] DEBUG:colcon.colcon_core.event_handler.log_command:Invoking command in '/root/ros2_ws/src/build/opencat_serial': AMENT_PREFIX_PATH=/root/ros2_ws/src/install/opencat:/root/ros2_ws/src/install/opencat_msgs:${AMENT_PREFIX_PATH} CMAKE_PREFIX_PATH=/root/ros2_ws/src/install/opencat:/root/ros2_ws/src/install/opencat_msgs:/opt/tros/humble:/opt/ros/humble LD_LIBRARY_PATH=/root/ros2_ws/src/install/opencat_msgs/lib:/opt/tros/humble/lib/aarch64-linux-gnu:/opt/tros/humble/lib:/opt/ros/humble/lib/aarch64-linux-gnu:/opt/ros/humble/lib:/usr/hobot/lib:/app/lib:/app/pub/lib:/middleware/lib:/middleware/pub/lib:/usr/hobot/lib/sensor:/system/lib:/system/usr/lib:/lib PYTHONPATH=/root/ros2_ws/src/install/opencat/local/lib/python3.10/dist-packages:/root/ros2_ws/src/install/opencat_msgs/local/lib/python3.10/dist-packages:${PYTHONPATH} /usr/bin/cmake --build /root/ros2_ws/src/build/opencat_serial -- -j8 -l8
[69.203s] DEBUG:colcon.colcon_core.event_handler.log_command:Invoked command in '/root/ros2_ws/src/build/gesture_legs_control' returned '0': CMAKE_PREFIX_PATH=/opt/tros/humble:/opt/ros/humble /usr/bin/cmake --build /root/ros2_ws/src/build/gesture_legs_control -- -j8 -l8
[69.210s] DEBUG:colcon.colcon_core.event_handler.log_command:Invoking command in '/root/ros2_ws/src/build/gesture_legs_control': CMAKE_PREFIX_PATH=/opt/tros/humble:/opt/ros/humble /usr/bin/cmake --install /root/ros2_ws/src/build/gesture_legs_control
[69.285s] Level 1:colcon.colcon_core.environment:create_environment_scripts_only(gesture_legs_control)
[69.287s] Level 1:colcon.colcon_core.environment:checking '/root/ros2_ws/src/install/gesture_legs_control' for CMake module files
[69.290s] DEBUG:colcon.colcon_core.event_handler.log_command:Invoked command in '/root/ros2_ws/src/build/gesture_legs_control' returned '0': CMAKE_PREFIX_PATH=/opt/tros/humble:/opt/ros/humble /usr/bin/cmake --install /root/ros2_ws/src/build/gesture_legs_control
[69.292s] Level 1:colcon.colcon_core.environment:checking '/root/ros2_ws/src/install/gesture_legs_control' for CMake config files
[69.294s] Level 1:colcon.colcon_core.shell:create_environment_hook('gesture_legs_control', 'cmake_prefix_path')
[69.295s] INFO:colcon.colcon_core.shell:Creating environment hook '/root/ros2_ws/src/install/gesture_legs_control/share/gesture_legs_control/hook/cmake_prefix_path.ps1'
[69.298s] INFO:colcon.colcon_core.shell:Creating environment descriptor '/root/ros2_ws/src/install/gesture_legs_control/share/gesture_legs_control/hook/cmake_prefix_path.dsv'
[69.301s] INFO:colcon.colcon_core.shell:Creating environment hook '/root/ros2_ws/src/install/gesture_legs_control/share/gesture_legs_control/hook/cmake_prefix_path.sh'
[69.304s] Level 1:colcon.colcon_core.environment:checking '/root/ros2_ws/src/install/gesture_legs_control/lib'
[69.304s] Level 1:colcon.colcon_core.environment:checking '/root/ros2_ws/src/install/gesture_legs_control/bin'
[69.305s] Level 1:colcon.colcon_core.environment:checking '/root/ros2_ws/src/install/gesture_legs_control/lib/pkgconfig/gesture_legs_control.pc'
[69.306s] Level 1:colcon.colcon_core.environment:checking '/root/ros2_ws/src/install/gesture_legs_control/lib/python3.10/site-packages'
[69.308s] Level 1:colcon.colcon_core.environment:checking '/root/ros2_ws/src/install/gesture_legs_control/bin'
[69.310s] INFO:colcon.colcon_core.shell:Creating package script '/root/ros2_ws/src/install/gesture_legs_control/share/gesture_legs_control/package.ps1'
[69.312s] INFO:colcon.colcon_core.shell:Creating package descriptor '/root/ros2_ws/src/install/gesture_legs_control/share/gesture_legs_control/package.dsv'
[69.315s] INFO:colcon.colcon_core.shell:Creating package script '/root/ros2_ws/src/install/gesture_legs_control/share/gesture_legs_control/package.sh'
[69.318s] INFO:colcon.colcon_core.shell:Creating package script '/root/ros2_ws/src/install/gesture_legs_control/share/gesture_legs_control/package.bash'
[69.320s] INFO:colcon.colcon_core.shell:Creating package script '/root/ros2_ws/src/install/gesture_legs_control/share/gesture_legs_control/package.zsh'
[69.323s] Level 1:colcon.colcon_core.environment:create_file_with_runtime_dependencies(/root/ros2_ws/src/install/gesture_legs_control/share/colcon-core/packages/gesture_legs_control)
[69.326s] Level 1:colcon.colcon_core.environment:create_environment_scripts_only(gesture_legs_control)
[69.328s] Level 1:colcon.colcon_core.environment:checking '/root/ros2_ws/src/install/gesture_legs_control' for CMake module files
[69.332s] Level 1:colcon.colcon_core.environment:checking '/root/ros2_ws/src/install/gesture_legs_control' for CMake config files
[69.333s] Level 1:colcon.colcon_core.shell:create_environment_hook('gesture_legs_control', 'cmake_prefix_path')
[69.335s] INFO:colcon.colcon_core.shell:Creating environment hook '/root/ros2_ws/src/install/gesture_legs_control/share/gesture_legs_control/hook/cmake_prefix_path.ps1'
[69.338s] INFO:colcon.colcon_core.shell:Creating environment descriptor '/root/ros2_ws/src/install/gesture_legs_control/share/gesture_legs_control/hook/cmake_prefix_path.dsv'
[69.340s] INFO:colcon.colcon_core.shell:Creating environment hook '/root/ros2_ws/src/install/gesture_legs_control/share/gesture_legs_control/hook/cmake_prefix_path.sh'
[69.344s] Level 1:colcon.colcon_core.environment:checking '/root/ros2_ws/src/install/gesture_legs_control/lib'
[69.344s] Level 1:colcon.colcon_core.environment:checking '/root/ros2_ws/src/install/gesture_legs_control/bin'
[69.345s] Level 1:colcon.colcon_core.environment:checking '/root/ros2_ws/src/install/gesture_legs_control/lib/pkgconfig/gesture_legs_control.pc'
[69.346s] Level 1:colcon.colcon_core.environment:checking '/root/ros2_ws/src/install/gesture_legs_control/lib/python3.10/site-packages'
[69.349s] Level 1:colcon.colcon_core.environment:checking '/root/ros2_ws/src/install/gesture_legs_control/bin'
[69.351s] INFO:colcon.colcon_core.shell:Creating package script '/root/ros2_ws/src/install/gesture_legs_control/share/gesture_legs_control/package.ps1'
[69.356s] INFO:colcon.colcon_core.shell:Creating package descriptor '/root/ros2_ws/src/install/gesture_legs_control/share/gesture_legs_control/package.dsv'
[69.360s] INFO:colcon.colcon_core.shell:Creating package script '/root/ros2_ws/src/install/gesture_legs_control/share/gesture_legs_control/package.sh'
[69.363s] INFO:colcon.colcon_core.shell:Creating package script '/root/ros2_ws/src/install/gesture_legs_control/share/gesture_legs_control/package.bash'
[69.366s] INFO:colcon.colcon_core.shell:Creating package script '/root/ros2_ws/src/install/gesture_legs_control/share/gesture_legs_control/package.zsh'
[69.371s] Level 1:colcon.colcon_core.environment:create_file_with_runtime_dependencies(/root/ros2_ws/src/install/gesture_legs_control/share/colcon-core/packages/gesture_legs_control)
[150.037s] DEBUG:colcon.colcon_core.event_handler.log_command:Invoked command in '/root/ros2_ws/src/build/opencat_serial' returned '0': AMENT_PREFIX_PATH=/root/ros2_ws/src/install/opencat:/root/ros2_ws/src/install/opencat_msgs:${AMENT_PREFIX_PATH} CMAKE_PREFIX_PATH=/root/ros2_ws/src/install/opencat:/root/ros2_ws/src/install/opencat_msgs:/opt/tros/humble:/opt/ros/humble LD_LIBRARY_PATH=/root/ros2_ws/src/install/opencat_msgs/lib:/opt/tros/humble/lib/aarch64-linux-gnu:/opt/tros/humble/lib:/opt/ros/humble/lib/aarch64-linux-gnu:/opt/ros/humble/lib:/usr/hobot/lib:/app/lib:/app/pub/lib:/middleware/lib:/middleware/pub/lib:/usr/hobot/lib/sensor:/system/lib:/system/usr/lib:/lib PYTHONPATH=/root/ros2_ws/src/install/opencat/local/lib/python3.10/dist-packages:/root/ros2_ws/src/install/opencat_msgs/local/lib/python3.10/dist-packages:${PYTHONPATH} /usr/bin/cmake --build /root/ros2_ws/src/build/opencat_serial -- -j8 -l8
[150.052s] DEBUG:colcon.colcon_core.event_handler.log_command:Invoking command in '/root/ros2_ws/src/build/opencat_serial': AMENT_PREFIX_PATH=/root/ros2_ws/src/install/opencat:/root/ros2_ws/src/install/opencat_msgs:${AMENT_PREFIX_PATH} CMAKE_PREFIX_PATH=/root/ros2_ws/src/install/opencat:/root/ros2_ws/src/install/opencat_msgs:/opt/tros/humble:/opt/ros/humble LD_LIBRARY_PATH=/root/ros2_ws/src/install/opencat_msgs/lib:/opt/tros/humble/lib/aarch64-linux-gnu:/opt/tros/humble/lib:/opt/ros/humble/lib/aarch64-linux-gnu:/opt/ros/humble/lib:/usr/hobot/lib:/app/lib:/app/pub/lib:/middleware/lib:/middleware/pub/lib:/usr/hobot/lib/sensor:/system/lib:/system/usr/lib:/lib PYTHONPATH=/root/ros2_ws/src/install/opencat/local/lib/python3.10/dist-packages:/root/ros2_ws/src/install/opencat_msgs/local/lib/python3.10/dist-packages:${PYTHONPATH} /usr/bin/cmake --install /root/ros2_ws/src/build/opencat_serial
[150.109s] Level 1:colcon.colcon_core.environment:create_environment_scripts_only(opencat_serial)
[150.112s] Level 1:colcon.colcon_core.environment:checking '/root/ros2_ws/src/install/opencat_serial' for CMake module files
[150.118s] DEBUG:colcon.colcon_core.event_handler.log_command:Invoked command in '/root/ros2_ws/src/build/opencat_serial' returned '0': AMENT_PREFIX_PATH=/root/ros2_ws/src/install/opencat:/root/ros2_ws/src/install/opencat_msgs:${AMENT_PREFIX_PATH} CMAKE_PREFIX_PATH=/root/ros2_ws/src/install/opencat:/root/ros2_ws/src/install/opencat_msgs:/opt/tros/humble:/opt/ros/humble LD_LIBRARY_PATH=/root/ros2_ws/src/install/opencat_msgs/lib:/opt/tros/humble/lib/aarch64-linux-gnu:/opt/tros/humble/lib:/opt/ros/humble/lib/aarch64-linux-gnu:/opt/ros/humble/lib:/usr/hobot/lib:/app/lib:/app/pub/lib:/middleware/lib:/middleware/pub/lib:/usr/hobot/lib/sensor:/system/lib:/system/usr/lib:/lib PYTHONPATH=/root/ros2_ws/src/install/opencat/local/lib/python3.10/dist-packages:/root/ros2_ws/src/install/opencat_msgs/local/lib/python3.10/dist-packages:${PYTHONPATH} /usr/bin/cmake --install /root/ros2_ws/src/build/opencat_serial
[150.122s] Level 1:colcon.colcon_core.environment:checking '/root/ros2_ws/src/install/opencat_serial' for CMake config files
[150.124s] Level 1:colcon.colcon_core.shell:create_environment_hook('opencat_serial', 'cmake_prefix_path')
[150.127s] INFO:colcon.colcon_core.shell:Creating environment hook '/root/ros2_ws/src/install/opencat_serial/share/opencat_serial/hook/cmake_prefix_path.ps1'
[150.132s] INFO:colcon.colcon_core.shell:Creating environment descriptor '/root/ros2_ws/src/install/opencat_serial/share/opencat_serial/hook/cmake_prefix_path.dsv'
[150.135s] INFO:colcon.colcon_core.shell:Creating environment hook '/root/ros2_ws/src/install/opencat_serial/share/opencat_serial/hook/cmake_prefix_path.sh'
[150.141s] Level 1:colcon.colcon_core.environment:checking '/root/ros2_ws/src/install/opencat_serial/lib'
[150.141s] Level 1:colcon.colcon_core.shell:create_environment_hook('opencat_serial', 'ld_library_path_lib')
[150.144s] INFO:colcon.colcon_core.shell:Creating environment hook '/root/ros2_ws/src/install/opencat_serial/share/opencat_serial/hook/ld_library_path_lib.ps1'
[150.148s] INFO:colcon.colcon_core.shell:Creating environment descriptor '/root/ros2_ws/src/install/opencat_serial/share/opencat_serial/hook/ld_library_path_lib.dsv'
[150.152s] INFO:colcon.colcon_core.shell:Creating environment hook '/root/ros2_ws/src/install/opencat_serial/share/opencat_serial/hook/ld_library_path_lib.sh'
[150.157s] Level 1:colcon.colcon_core.environment:checking '/root/ros2_ws/src/install/opencat_serial/bin'
[150.157s] Level 1:colcon.colcon_core.environment:checking '/root/ros2_ws/src/install/opencat_serial/lib/pkgconfig/opencat_serial.pc'
[150.159s] Level 1:colcon.colcon_core.environment:checking '/root/ros2_ws/src/install/opencat_serial/lib/python3.10/site-packages'
[150.161s] Level 1:colcon.colcon_core.environment:checking '/root/ros2_ws/src/install/opencat_serial/bin'
[150.163s] INFO:colcon.colcon_core.shell:Creating package script '/root/ros2_ws/src/install/opencat_serial/share/opencat_serial/package.ps1'
[150.167s] INFO:colcon.colcon_core.shell:Creating package descriptor '/root/ros2_ws/src/install/opencat_serial/share/opencat_serial/package.dsv'
[150.171s] INFO:colcon.colcon_core.shell:Creating package script '/root/ros2_ws/src/install/opencat_serial/share/opencat_serial/package.sh'
[150.176s] INFO:colcon.colcon_core.shell:Creating package script '/root/ros2_ws/src/install/opencat_serial/share/opencat_serial/package.bash'
[150.179s] INFO:colcon.colcon_core.shell:Creating package script '/root/ros2_ws/src/install/opencat_serial/share/opencat_serial/package.zsh'
[150.182s] Level 1:colcon.colcon_core.environment:create_file_with_runtime_dependencies(/root/ros2_ws/src/install/opencat_serial/share/colcon-core/packages/opencat_serial)
[150.185s] Level 1:colcon.colcon_core.environment:create_environment_scripts_only(opencat_serial)
[150.187s] Level 1:colcon.colcon_core.environment:checking '/root/ros2_ws/src/install/opencat_serial' for CMake module files
[150.191s] Level 1:colcon.colcon_core.environment:checking '/root/ros2_ws/src/install/opencat_serial' for CMake config files
[150.192s] Level 1:colcon.colcon_core.shell:create_environment_hook('opencat_serial', 'cmake_prefix_path')
[150.194s] INFO:colcon.colcon_core.shell:Creating environment hook '/root/ros2_ws/src/install/opencat_serial/share/opencat_serial/hook/cmake_prefix_path.ps1'
[150.196s] INFO:colcon.colcon_core.shell:Creating environment descriptor '/root/ros2_ws/src/install/opencat_serial/share/opencat_serial/hook/cmake_prefix_path.dsv'
[150.199s] INFO:colcon.colcon_core.shell:Creating environment hook '/root/ros2_ws/src/install/opencat_serial/share/opencat_serial/hook/cmake_prefix_path.sh'
[150.202s] Level 1:colcon.colcon_core.environment:checking '/root/ros2_ws/src/install/opencat_serial/lib'
[150.203s] Level 1:colcon.colcon_core.shell:create_environment_hook('opencat_serial', 'ld_library_path_lib')
[150.205s] INFO:colcon.colcon_core.shell:Creating environment hook '/root/ros2_ws/src/install/opencat_serial/share/opencat_serial/hook/ld_library_path_lib.ps1'
[150.208s] INFO:colcon.colcon_core.shell:Creating environment descriptor '/root/ros2_ws/src/install/opencat_serial/share/opencat_serial/hook/ld_library_path_lib.dsv'
[150.210s] INFO:colcon.colcon_core.shell:Creating environment hook '/root/ros2_ws/src/install/opencat_serial/share/opencat_serial/hook/ld_library_path_lib.sh'
[150.213s] Level 1:colcon.colcon_core.environment:checking '/root/ros2_ws/src/install/opencat_serial/bin'
[150.213s] Level 1:colcon.colcon_core.environment:checking '/root/ros2_ws/src/install/opencat_serial/lib/pkgconfig/opencat_serial.pc'
[150.214s] Level 1:colcon.colcon_core.environment:checking '/root/ros2_ws/src/install/opencat_serial/lib/python3.10/site-packages'
[150.216s] Level 1:colcon.colcon_core.environment:checking '/root/ros2_ws/src/install/opencat_serial/bin'
[150.218s] INFO:colcon.colcon_core.shell:Creating package script '/root/ros2_ws/src/install/opencat_serial/share/opencat_serial/package.ps1'
[150.221s] INFO:colcon.colcon_core.shell:Creating package descriptor '/root/ros2_ws/src/install/opencat_serial/share/opencat_serial/package.dsv'
[150.225s] INFO:colcon.colcon_core.shell:Creating package script '/root/ros2_ws/src/install/opencat_serial/share/opencat_serial/package.sh'
[150.228s] INFO:colcon.colcon_core.shell:Creating package script '/root/ros2_ws/src/install/opencat_serial/share/opencat_serial/package.bash'
[150.231s] INFO:colcon.colcon_core.shell:Creating package script '/root/ros2_ws/src/install/opencat_serial/share/opencat_serial/package.zsh'
[150.233s] Level 1:colcon.colcon_core.environment:create_file_with_runtime_dependencies(/root/ros2_ws/src/install/opencat_serial/share/colcon-core/packages/opencat_serial)
[150.234s] DEBUG:colcon.colcon_parallel_executor.executor.parallel:closing loop
[150.236s] DEBUG:colcon.colcon_parallel_executor.executor.parallel:loop closed
[150.237s] DEBUG:colcon.colcon_parallel_executor.executor.parallel:run_until_complete finished with '0'
[150.237s] DEBUG:colcon.colcon_core.event_reactor:joining thread
[150.269s] INFO:colcon.colcon_core.plugin_system:Skipping extension 'colcon_notification.desktop_notification.notify_send': Could not find 'notify-send'
[150.270s] INFO:colcon.colcon_core.plugin_system:Skipping extension 'colcon_notification.desktop_notification.terminal_notifier': Not used on non-Darwin systems
[150.270s] INFO:colcon.colcon_core.plugin_system:Skipping extension 'colcon_notification.desktop_notification.win32': Not used on non-Windows systems
[150.270s] INFO:colcon.colcon_notification.desktop_notification:Sending desktop notification using 'notify2'
[175.298s] DEBUG:colcon.colcon_notification.desktop_notification.notify2:Failed to initialize notify2: org.freedesktop.DBus.Error.NoReply: Did not receive a reply. Possible causes include: the remote application did not send a reply, the message bus security policy blocked the reply, the reply timeout expired, or the network connection was broken.
[175.299s] DEBUG:colcon.colcon_core.event_reactor:joined thread
[175.301s] INFO:colcon.colcon_core.shell:Creating prefix script '/root/ros2_ws/src/install/local_setup.ps1'
[175.308s] INFO:colcon.colcon_core.shell:Creating prefix util module '/root/ros2_ws/src/install/_local_setup_util_ps1.py'
[175.318s] INFO:colcon.colcon_core.shell:Creating prefix chain script '/root/ros2_ws/src/install/setup.ps1'
[175.325s] INFO:colcon.colcon_core.shell:Creating prefix script '/root/ros2_ws/src/install/local_setup.sh'
[175.329s] INFO:colcon.colcon_core.shell:Creating prefix util module '/root/ros2_ws/src/install/_local_setup_util_sh.py'
[175.333s] INFO:colcon.colcon_core.shell:Creating prefix chain script '/root/ros2_ws/src/install/setup.sh'
[175.340s] INFO:colcon.colcon_core.shell:Creating prefix script '/root/ros2_ws/src/install/local_setup.bash'
[175.344s] INFO:colcon.colcon_core.shell:Creating prefix chain script '/root/ros2_ws/src/install/setup.bash'
[175.350s] INFO:colcon.colcon_core.shell:Creating prefix script '/root/ros2_ws/src/install/local_setup.zsh'
[175.354s] INFO:colcon.colcon_core.shell:Creating prefix chain script '/root/ros2_ws/src/install/setup.zsh'
