-- The C compiler identification is GNU 11.2.0
-- The CXX compiler identification is GNU 11.2.0
-- Detecting C compiler ABI info
-- Detecting C compiler ABI info - done
-- Check for working C compiler: /usr/bin/cc - skipped
-- Detecting C compile features
-- Detecting C compile features - done
-- Detecting CXX compiler ABI info
-- Detecting CXX compiler ABI info - done
-- Check for working CXX compiler: /usr/bin/c++ - skipped
-- Detecting CXX compile features
-- Detecting CXX compile features - done
-- Found ament_cmake: 1.3.12 (/opt/ros/humble/share/ament_cmake/cmake)
-- Found Python3: /usr/bin/python3 (found version "3.10.12") found components: Interpreter 
-- Found rclcpp: 16.0.14 (/opt/ros/humble/share/rclcpp/cmake)
-- Found rosidl_generator_c: 3.1.7 (/opt/ros/humble/share/rosidl_generator_c/cmake)
-- Found rosidl_adapter: 3.1.7 (/opt/ros/humble/share/rosidl_adapter/cmake)
-- Found rosidl_generator_cpp: 3.1.7 (/opt/ros/humble/share/rosidl_generator_cpp/cmake)
-- Using all available rosidl_typesupport_c: rosidl_typesupport_fastrtps_c;rosidl_typesupport_introspection_c
-- Using all available rosidl_typesupport_cpp: rosidl_typesupport_fastrtps_cpp;rosidl_typesupport_introspection_cpp
-- Found rmw_implementation_cmake: 6.1.2 (/opt/ros/humble/share/rmw_implementation_cmake/cmake)
-- Found rmw_fastrtps_cpp: 6.2.8 (/opt/ros/humble/share/rmw_fastrtps_cpp/cmake)
-- Found OpenSSL: /usr/lib/aarch64-linux-gnu/libcrypto.so (found version "3.0.2")  
-- Found FastRTPS: /opt/ros/humble/include  
-- Using RMW implementation 'rmw_fastrtps_cpp' as default
-- Looking for pthread.h
-- Looking for pthread.h - found
-- Performing Test CMAKE_HAVE_LIBC_PTHREAD
-- Performing Test CMAKE_HAVE_LIBC_PTHREAD - Success
-- Found Threads: TRUE  
-- Found ai_msgs: 2.0.1 (/opt/tros/humble/share/ai_msgs/cmake)
-- Found ament_lint_auto: 0.12.14 (/opt/ros/humble/share/ament_lint_auto/cmake)
-- Added test 'cppcheck' to perform static code analysis on C / C++ code
-- Configured cppcheck include dirs: 
-- Configured cppcheck exclude dirs and/or files: 
-- Added test 'lint_cmake' to check CMake code style
-- Added test 'uncrustify' to check C / C++ code style
-- Configured uncrustify additional arguments: 
-- Added test 'xmllint' to check XML markup files
-- Configuring done
-- Generating done
-- Build files have been written to: /root/ros2_ws/src/build/gesture_legs_control
[ 66%] [32mBuilding CXX object CMakeFiles/gesture_legs_control.dir/src/gesture_control_node.cpp.o[0m
[ 66%] [32mBuilding CXX object CMakeFiles/gesture_legs_control.dir/src/main.cpp.o[0m
[100%] [32m[1mLinking CXX executable gesture_legs_control[0m
[100%] Built target gesture_legs_control
-- Install configuration: ""
-- Installing: /root/ros2_ws/src/install/gesture_legs_control/share/ament_index/resource_index/package_run_dependencies/gesture_legs_control
-- Installing: /root/ros2_ws/src/install/gesture_legs_control/share/ament_index/resource_index/parent_prefix_path/gesture_legs_control
-- Installing: /root/ros2_ws/src/install/gesture_legs_control/share/gesture_legs_control/environment/ament_prefix_path.sh
-- Installing: /root/ros2_ws/src/install/gesture_legs_control/share/gesture_legs_control/environment/ament_prefix_path.dsv
-- Installing: /root/ros2_ws/src/install/gesture_legs_control/share/gesture_legs_control/environment/path.sh
-- Installing: /root/ros2_ws/src/install/gesture_legs_control/share/gesture_legs_control/environment/path.dsv
-- Installing: /root/ros2_ws/src/install/gesture_legs_control/share/gesture_legs_control/local_setup.bash
-- Installing: /root/ros2_ws/src/install/gesture_legs_control/share/gesture_legs_control/local_setup.sh
-- Installing: /root/ros2_ws/src/install/gesture_legs_control/share/gesture_legs_control/local_setup.zsh
-- Installing: /root/ros2_ws/src/install/gesture_legs_control/share/gesture_legs_control/local_setup.dsv
-- Installing: /root/ros2_ws/src/install/gesture_legs_control/share/gesture_legs_control/package.dsv
-- Installing: /root/ros2_ws/src/install/gesture_legs_control/share/ament_index/resource_index/packages/gesture_legs_control
-- Installing: /root/ros2_ws/src/install/gesture_legs_control/share/gesture_legs_control/cmake/gesture_legs_controlConfig.cmake
-- Installing: /root/ros2_ws/src/install/gesture_legs_control/share/gesture_legs_control/cmake/gesture_legs_controlConfig-version.cmake
-- Installing: /root/ros2_ws/src/install/gesture_legs_control/share/gesture_legs_control/package.xml
-- Installing: /root/ros2_ws/src/install/gesture_legs_control/lib/gesture_legs_control/gesture_legs_control
-- Set runtime path of "/root/ros2_ws/src/install/gesture_legs_control/lib/gesture_legs_control/gesture_legs_control" to ""
