[0.083s] Invoking command in '/root/ros2_ws/src/build/gesture_legs_control': CMAKE_PREFIX_PATH=/opt/tros/humble:/opt/ros/humble /usr/bin/cmake /root/ros2_ws/src/gesture_legs_control -DCMAKE_INSTALL_PREFIX=/root/ros2_ws/src/install/gesture_legs_control
[0.385s] -- The C compiler identification is GNU 11.2.0
[0.725s] -- The CXX compiler identification is GNU 11.2.0
[0.759s] -- Detecting C compiler ABI info
[1.135s] -- Detecting C compiler ABI info - done
[1.189s] -- Check for working C compiler: /usr/bin/cc - skipped
[1.190s] -- Detecting C compile features
[1.192s] -- Detecting C compile features - done
[1.207s] -- Detecting CXX compiler ABI info
[1.633s] -- Detecting CXX compiler ABI info - done
[1.681s] -- Check for working CXX compiler: /usr/bin/c++ - skipped
[1.682s] -- Detecting CXX compile features
[1.686s] -- Detecting CXX compile features - done
[1.694s] -- Found ament_cmake: 1.3.12 (/opt/ros/humble/share/ament_cmake/cmake)
[2.834s] -- Found Python3: /usr/bin/python3 (found version "3.10.12") found components: Interpreter 
[3.466s] -- Found rclcpp: 16.0.14 (/opt/ros/humble/share/rclcpp/cmake)
[3.669s] -- Found rosidl_generator_c: 3.1.7 (/opt/ros/humble/share/rosidl_generator_c/cmake)
[3.694s] -- Found rosidl_adapter: 3.1.7 (/opt/ros/humble/share/rosidl_adapter/cmake)
[3.740s] -- Found rosidl_generator_cpp: 3.1.7 (/opt/ros/humble/share/rosidl_generator_cpp/cmake)
[3.817s] -- Using all available rosidl_typesupport_c: rosidl_typesupport_fastrtps_c;rosidl_typesupport_introspection_c
[3.916s] -- Using all available rosidl_typesupport_cpp: rosidl_typesupport_fastrtps_cpp;rosidl_typesupport_introspection_cpp
[4.150s] -- Found rmw_implementation_cmake: 6.1.2 (/opt/ros/humble/share/rmw_implementation_cmake/cmake)
[4.162s] -- Found rmw_fastrtps_cpp: 6.2.8 (/opt/ros/humble/share/rmw_fastrtps_cpp/cmake)
[4.564s] -- Found OpenSSL: /usr/lib/aarch64-linux-gnu/libcrypto.so (found version "3.0.2")  
[4.694s] -- Found FastRTPS: /opt/ros/humble/include  
[4.884s] -- Using RMW implementation 'rmw_fastrtps_cpp' as default
[4.924s] -- Looking for pthread.h
[5.308s] -- Looking for pthread.h - found
[5.309s] -- Performing Test CMAKE_HAVE_LIBC_PTHREAD
[5.712s] -- Performing Test CMAKE_HAVE_LIBC_PTHREAD - Success
[5.717s] -- Found Threads: TRUE  
[6.031s] -- Found ai_msgs: 2.0.1 (/opt/tros/humble/share/ai_msgs/cmake)
[6.364s] -- Found ament_lint_auto: 0.12.14 (/opt/ros/humble/share/ament_lint_auto/cmake)
[6.881s] -- Added test 'cppcheck' to perform static code analysis on C / C++ code
[6.882s] -- Configured cppcheck include dirs: 
[6.882s] -- Configured cppcheck exclude dirs and/or files: 
[6.885s] -- Added test 'lint_cmake' to check CMake code style
[6.890s] -- Added test 'uncrustify' to check C / C++ code style
[6.891s] -- Configured uncrustify additional arguments: 
[6.893s] -- Added test 'xmllint' to check XML markup files
[6.905s] -- Configuring done
[6.965s] -- Generating done
[6.990s] -- Build files have been written to: /root/ros2_ws/src/build/gesture_legs_control
[7.064s] Invoked command in '/root/ros2_ws/src/build/gesture_legs_control' returned '0': CMAKE_PREFIX_PATH=/opt/tros/humble:/opt/ros/humble /usr/bin/cmake /root/ros2_ws/src/gesture_legs_control -DCMAKE_INSTALL_PREFIX=/root/ros2_ws/src/install/gesture_legs_control
[7.071s] Invoking command in '/root/ros2_ws/src/build/gesture_legs_control': CMAKE_PREFIX_PATH=/opt/tros/humble:/opt/ros/humble /usr/bin/cmake --build /root/ros2_ws/src/build/gesture_legs_control -- -j8 -l8
[7.296s] [ 66%] [32mBuilding CXX object CMakeFiles/gesture_legs_control.dir/src/gesture_control_node.cpp.o[0m
[7.297s] [ 66%] [32mBuilding CXX object CMakeFiles/gesture_legs_control.dir/src/main.cpp.o[0m
[63.430s] [100%] [32m[1mLinking CXX executable gesture_legs_control[0m
[66.784s] [100%] Built target gesture_legs_control
[66.833s] Invoked command in '/root/ros2_ws/src/build/gesture_legs_control' returned '0': CMAKE_PREFIX_PATH=/opt/tros/humble:/opt/ros/humble /usr/bin/cmake --build /root/ros2_ws/src/build/gesture_legs_control -- -j8 -l8
[66.840s] Invoking command in '/root/ros2_ws/src/build/gesture_legs_control': CMAKE_PREFIX_PATH=/opt/tros/humble:/opt/ros/humble /usr/bin/cmake --install /root/ros2_ws/src/build/gesture_legs_control
[66.875s] -- Install configuration: ""
[66.876s] -- Installing: /root/ros2_ws/src/install/gesture_legs_control/share/ament_index/resource_index/package_run_dependencies/gesture_legs_control
[66.876s] -- Installing: /root/ros2_ws/src/install/gesture_legs_control/share/ament_index/resource_index/parent_prefix_path/gesture_legs_control
[66.877s] -- Installing: /root/ros2_ws/src/install/gesture_legs_control/share/gesture_legs_control/environment/ament_prefix_path.sh
[66.879s] -- Installing: /root/ros2_ws/src/install/gesture_legs_control/share/gesture_legs_control/environment/ament_prefix_path.dsv
[66.879s] -- Installing: /root/ros2_ws/src/install/gesture_legs_control/share/gesture_legs_control/environment/path.sh
[66.880s] -- Installing: /root/ros2_ws/src/install/gesture_legs_control/share/gesture_legs_control/environment/path.dsv
[66.881s] -- Installing: /root/ros2_ws/src/install/gesture_legs_control/share/gesture_legs_control/local_setup.bash
[66.882s] -- Installing: /root/ros2_ws/src/install/gesture_legs_control/share/gesture_legs_control/local_setup.sh
[66.882s] -- Installing: /root/ros2_ws/src/install/gesture_legs_control/share/gesture_legs_control/local_setup.zsh
[66.883s] -- Installing: /root/ros2_ws/src/install/gesture_legs_control/share/gesture_legs_control/local_setup.dsv
[66.883s] -- Installing: /root/ros2_ws/src/install/gesture_legs_control/share/gesture_legs_control/package.dsv
[66.884s] -- Installing: /root/ros2_ws/src/install/gesture_legs_control/share/ament_index/resource_index/packages/gesture_legs_control
[66.885s] -- Installing: /root/ros2_ws/src/install/gesture_legs_control/share/gesture_legs_control/cmake/gesture_legs_controlConfig.cmake
[66.886s] -- Installing: /root/ros2_ws/src/install/gesture_legs_control/share/gesture_legs_control/cmake/gesture_legs_controlConfig-version.cmake
[66.886s] -- Installing: /root/ros2_ws/src/install/gesture_legs_control/share/gesture_legs_control/package.xml
[66.887s] -- Installing: /root/ros2_ws/src/install/gesture_legs_control/lib/gesture_legs_control/gesture_legs_control
[66.910s] -- Set runtime path of "/root/ros2_ws/src/install/gesture_legs_control/lib/gesture_legs_control/gesture_legs_control" to ""
[66.921s] Invoked command in '/root/ros2_ws/src/build/gesture_legs_control' returned '0': CMAKE_PREFIX_PATH=/opt/tros/humble:/opt/ros/humble /usr/bin/cmake --install /root/ros2_ws/src/build/gesture_legs_control
